Log file open, 03/05/20 14:42:35
LogWindows: Failed to load 'aqProf.dll' (GetLastError=126)
LogWindows: File 'aqProf.dll' does not exist
LogWindows: Failed to load 'VtuneApi.dll' (GetLastError=126)
LogWindows: File 'VtuneApi.dll' does not exist
LogWindows: Failed to load 'VtuneApi32e.dll' (GetLastError=126)
LogWindows: File 'VtuneApi32e.dll' does not exist
LogConsoleResponse: Display: Failed to find resolution value strings in scalability ini. Falling back to default.
LogInit: Display: Running engine for game: Shadow_ProjectZero
LogPlatformFile: Not using cached read wrapper
LogTaskGraph: Started task graph with 5 named threads and 20 total threads with 3 sets of task threads.
LogStats: Stats thread started at 0.054858
LogD3D11RHI: Loaded GFSDK_Aftermath_Lib.x64.dll
LogICUInternationalization: ICU TimeZone Detection - Raw Offset: +1:00, Platform Override: ''
LogPluginManager: Mounting plugin Paper2D
LogPluginManager: Mounting plugin AISupport
LogPluginManager: Mounting plugin LightPropagationVolume
LogPluginManager: Mounting plugin ActorLayerUtilities
LogPluginManager: Mounting plugin AnimationSharing
LogPluginManager: Mounting plugin CLionSourceCodeAccess
LogPluginManager: Mounting plugin CodeLiteSourceCodeAccess
LogPluginManager: Mounting plugin GitSourceControl
LogPluginManager: Mounting plugin KDevelopSourceCodeAccess
LogPluginManager: Mounting plugin NullSourceCodeAccess
LogPluginManager: Mounting plugin PerforceSourceControl
LogPluginManager: Mounting plugin PlasticSourceControl
LogPluginManager: Mounting plugin SubversionSourceControl
LogPluginManager: Mounting plugin UObjectPlugin
LogPluginManager: Mounting plugin VisualStudioCodeSourceCodeAccess
LogPluginManager: Mounting plugin VisualStudioSourceCodeAccess
LogPluginManager: Mounting plugin XCodeSourceCodeAccess
LogPluginManager: Mounting plugin AssetManagerEditor
LogPluginManager: Mounting plugin CryptoKeys
LogPluginManager: Mounting plugin CurveEditorTools
LogPluginManager: Mounting plugin DataValidation
LogPluginManager: Mounting plugin FacialAnimation
LogPluginManager: Mounting plugin GameplayTagsEditor
LogPluginManager: Mounting plugin MacGraphicsSwitching
LogPluginManager: Mounting plugin MaterialAnalyzer
LogPluginManager: Mounting plugin MobileLauncherProfileWizard
LogPluginManager: Mounting plugin PluginBrowser
LogPluginManager: Mounting plugin SpeedTreeImporter
LogPluginManager: Mounting plugin DatasmithContent
LogPluginManager: Mounting plugin VariantManagerContent
LogPluginManager: Mounting plugin AlembicImporter
LogPluginManager: Mounting plugin AutomationUtils
LogPluginManager: Mounting plugin BackChannel
LogPluginManager: Mounting plugin CharacterAI
LogPluginManager: Mounting plugin GeometryCache
LogPluginManager: Mounting plugin PlatformCrypto
LogPluginManager: Mounting plugin ProxyLODPlugin
LogPluginManager: Mounting plugin SkeletalReduction
LogPluginManager: Mounting plugin MagicLeap
LogPluginManager: Mounting plugin MagicLeapMedia
LogPluginManager: Mounting plugin MLSDK
LogPluginManager: Mounting plugin AndroidMedia
LogPluginManager: Mounting plugin AvfMedia
LogPluginManager: Mounting plugin ImgMedia
LogPluginManager: Mounting plugin MediaCompositing
LogPluginManager: Mounting plugin MediaPlayerEditor
LogPluginManager: Mounting plugin WebMMedia
LogPluginManager: Mounting plugin WmfMedia
LogPluginManager: Mounting plugin TcpMessaging
LogPluginManager: Mounting plugin UdpMessaging
LogPluginManager: Mounting plugin ActorSequence
LogPluginManager: Mounting plugin LevelSequenceEditor
LogPluginManager: Mounting plugin MatineeToLevelSequence
LogPluginManager: Mounting plugin NetcodeUnitTest
LogPluginManager: Mounting plugin NUTUnrealEngine4
LogPluginManager: Mounting plugin OnlineSubsystemGooglePlay
LogPluginManager: Mounting plugin OnlineSubsystemIOS
LogPluginManager: Mounting plugin OnlineSubsystem
LogPluginManager: Mounting plugin OnlineSubsystemNull
LogPluginManager: Mounting plugin OnlineSubsystemUtils
LogPluginManager: Mounting plugin LauncherChunkInstaller
LogPluginManager: Mounting plugin AndroidDeviceProfileSelector
LogPluginManager: Mounting plugin AndroidMoviePlayer
LogPluginManager: Mounting plugin AndroidPermission
LogPluginManager: Mounting plugin AppleImageUtils
LogPluginManager: Mounting plugin AppleMoviePlayer
LogPluginManager: Mounting plugin ArchVisCharacter
LogPluginManager: Mounting plugin AssetTags
LogPluginManager: Mounting plugin AudioCapture
LogPluginManager: Mounting plugin CableComponent
LogPluginManager: Mounting plugin CustomMeshComponent
LogPluginManager: Mounting plugin EditableMesh
LogPluginManager: Mounting plugin ExampleDeviceProfileSelector
LogPluginManager: Mounting plugin GoogleCloudMessaging
LogPluginManager: Mounting plugin IOSDeviceProfileSelector
LogPluginManager: Mounting plugin LinuxDeviceProfileSelector
LogPluginManager: Mounting plugin LocationServicesBPLibrary
LogPluginManager: Mounting plugin MobilePatchingUtils
LogPluginManager: Mounting plugin OculusVR
LogPluginManager: Mounting plugin PhysXVehicles
LogPluginManager: Mounting plugin PostSplashScreen
LogPluginManager: Mounting plugin ProceduralMeshComponent
LogPluginManager: Mounting plugin RuntimePhysXCooking
LogPluginManager: Mounting plugin SignificanceManager
LogPluginManager: Mounting plugin SteamVR
LogPluginManager: Mounting plugin WebMMoviePlayer
LogPluginManager: Mounting plugin WindowsMoviePlayer
LogPluginManager: Mounting plugin ScreenshotTools
LogInit: Using libcurl 7.55.1-DEV
LogInit:  - built for x86_64-pc-win32
LogInit:  - supports SSL with OpenSSL/1.1.1
LogInit:  - supports HTTP deflate (compression) using libz 1.2.8
LogInit:  - other features:
LogInit:      CURL_VERSION_SSL
LogInit:      CURL_VERSION_LIBZ
LogInit:      CURL_VERSION_IPV6
LogInit:      CURL_VERSION_ASYNCHDNS
LogInit:      CURL_VERSION_LARGEFILE
LogInit:      CURL_VERSION_IDN
LogInit:  CurlRequestOptions (configurable via config and command line):
LogInit:  - bVerifyPeer = true  - Libcurl will verify peer certificate
LogInit:  - bUseHttpProxy = false  - Libcurl will NOT use HTTP proxy
LogInit:  - bDontReuseConnections = false  - Libcurl will reuse connections
LogInit:  - MaxHostConnections = 16  - Libcurl will limit the number of connections to a host
LogInit:  - LocalHostAddr = Default
LogInit:  - BufferSize = 65536
LogOnline: OSS: Creating online subsystem instance for: NULL
LogInit: WinSock: version 1.1 (2.2), MaxSocks=32767, MaxUdp=65467
LogOnline: OSS: TryLoadSubsystemAndSetDefault: Loaded subsystem for module [NULL]
LogInit: Build: ++UE4+Release-4.24-CL-11100242
LogInit: Engine Version: 4.24.2-11100242+++UE4+Release-4.24
LogInit: Compatible Engine Version: 4.24.0-10570792+++UE4+Release-4.24
LogInit: Net CL: 10570792
LogInit: OS: Windows 10 (Release 1909) (), CPU: Intel(R) Core(TM) i5-8400 CPU @ 2.80GHz, GPU: NVIDIA GeForce GTX 1060 6GB
LogInit: Compiled (64-bit): Jan 24 2020 02:05:53
LogInit: Compiled with Visual C++: 19.16.27032.01
LogInit: Build Configuration: Development
LogInit: Branch Name: ++UE4+Release-4.24
LogInit: Command Line: 
LogInit: Base Directory: C:/Program Files/Epic Games/UE_4.24/Engine/Binaries/Win64/
LogInit: Installed Engine Build: 1
LogDevObjectVersion: Number of dev versions registered: 25
LogDevObjectVersion:   Dev-Blueprints (B0D832E4-1F89-4F0D-ACCF-7EB736FD4AA2): 10
LogDevObjectVersion:   Dev-Build (E1C64328-A22C-4D53-A36C-8E866417BD8C): 0
LogDevObjectVersion:   Dev-Core (375EC13C-06E4-48FB-B500-84F0262A717E): 3
LogDevObjectVersion:   Dev-Editor (E4B068ED-F494-42E9-A231-DA0B2E46BB41): 37
LogDevObjectVersion:   Dev-Framework (CFFC743F-43B0-4480-9391-14DF171D2073): 36
LogDevObjectVersion:   Dev-Mobile (B02B49B5-BB20-44E9-A304-32B752E40360): 2
LogDevObjectVersion:   Dev-Networking (A4E4105C-59A1-49B5-A7C5-40C4547EDFEE): 0
LogDevObjectVersion:   Dev-Online (39C831C9-5AE6-47DC-9A44-9C173E1C8E7C): 0
LogDevObjectVersion:   Dev-Physics (78F01B33-EBEA-4F98-B9B4-84EACCB95AA2): 2
LogDevObjectVersion:   Dev-Platform (6631380F-2D4D-43E0-8009-CF276956A95A): 0
LogDevObjectVersion:   Dev-Rendering (12F88B9F-8875-4AFC-A67C-D90C383ABD29): 36
LogDevObjectVersion:   Dev-Sequencer (7B5AE74C-D270-4C10-A958-57980B212A5A): 11
LogDevObjectVersion:   Dev-VR (D7296918-1DD6-4BDD-9DE2-64A83CC13884): 2
LogDevObjectVersion:   Dev-LoadTimes (C2A15278-BFE7-4AFE-6C17-90FF531DF755): 1
LogDevObjectVersion:   Private-Geometry (6EACA3D4-40EC-4CC1-B786-8BED09428FC5): 3
LogDevObjectVersion:   Dev-AnimPhys (29E575DD-E0A3-4627-9D10-D276232CDCEA): 17
LogDevObjectVersion:   Dev-Anim (AF43A65D-7FD3-4947-9873-3E8ED9C1BB05): 2
LogDevObjectVersion:   Dev-ReflectionCapture (6B266CEC-1EC7-4B8F-A30B-E4D90942FC07): 1
LogDevObjectVersion:   Dev-Automation (0DF73D61-A23F-47EA-B727-89E90C41499A): 1
LogDevObjectVersion:   FortniteMain (601D1886-AC64-4F84-AA16-D3DE0DEAC7D6): 31
LogDevObjectVersion:   Dev-Enterprise (9DFFBCD6-494F-0158-E221-12823C92A888): 8
LogDevObjectVersion:   Dev-Niagara (F2AED0AC-9AFE-416F-8664-AA7FFA26D6FC): 1
LogDevObjectVersion:   Dev-Destruction (174F1F0B-B4C6-45A5-B13F-2EE8D0FB917D): 9
LogDevObjectVersion:   Dev-Physics-Ext (35F94A83-E258-406C-A318-09F59610247C): 8
LogDevObjectVersion:   Dev-CineCamera (B2E18506-4273-CFC2-A54E-F4BB758BBA07): 1
LogInit: Presizing for max 25165824 objects, including 0 objects not considered by GC, pre-allocating 0 bytes for permanent pool.
LogInit: Object subsystem initialized
LogConfig: Setting CVar [[con.DebugEarlyDefault:1]]
LogConfig: Setting CVar [[r.setres:1280x720]]
[2020.03.05-13.42.36:051][  0]LogConfig: Setting CVar [[r.VSync:0]]
[2020.03.05-13.42.36:051][  0]LogConfig: Setting CVar [[r.RHICmdBypass:0]]
[2020.03.05-13.42.36:051][  0]LogConfig: Applying CVar settings from Section [/Script/Engine.RendererSettings] File [C:/Users/Joakim.Johansson/Documents/Unreal Projects/Shadow_ProjectZero/Saved/Config/Windows/Engine.ini]
[2020.03.05-13.42.36:051][  0]LogConfig: Setting CVar [[r.GPUCrashDebugging:0]]
[2020.03.05-13.42.36:051][  0]LogConfig: Setting CVar [[r.SupportMaterialLayers:1]]
[2020.03.05-13.42.36:051][  0]LogConfig: Applying CVar settings from Section [/Script/Engine.RendererOverrideSettings] File [C:/Users/Joakim.Johansson/Documents/Unreal Projects/Shadow_ProjectZero/Saved/Config/Windows/Engine.ini]
[2020.03.05-13.42.36:051][  0]LogConfig: Applying CVar settings from Section [/Script/Engine.StreamingSettings] File [C:/Users/Joakim.Johansson/Documents/Unreal Projects/Shadow_ProjectZero/Saved/Config/Windows/Engine.ini]
[2020.03.05-13.42.36:051][  0]LogConfig: Setting CVar [[s.MinBulkDataSizeForAsyncLoading:131072]]
[2020.03.05-13.42.36:051][  0]LogConfig: Setting CVar [[s.AsyncLoadingThreadEnabled:0]]
[2020.03.05-13.42.36:052][  0]LogConfig: Setting CVar [[s.EventDrivenLoaderEnabled:1]]
[2020.03.05-13.42.36:052][  0]LogConfig: Setting CVar [[s.WarnIfTimeLimitExceeded:0]]
[2020.03.05-13.42.36:052][  0]LogConfig: Setting CVar [[s.TimeLimitExceededMultiplier:1.5]]
[2020.03.05-13.42.36:052][  0]LogConfig: Setting CVar [[s.TimeLimitExceededMinTime:0.005]]
[2020.03.05-13.42.36:052][  0]LogConfig: Setting CVar [[s.UseBackgroundLevelStreaming:1]]
[2020.03.05-13.42.36:052][  0]LogConfig: Setting CVar [[s.PriorityAsyncLoadingExtraTime:15.0]]
[2020.03.05-13.42.36:052][  0]LogConfig: Setting CVar [[s.LevelStreamingActorsUpdateTimeLimit:5.0]]
[2020.03.05-13.42.36:052][  0]LogConfig: Setting CVar [[s.PriorityLevelStreamingActorsUpdateExtraTime:5.0]]
[2020.03.05-13.42.36:052][  0]LogConfig: Setting CVar [[s.LevelStreamingComponentsRegistrationGranularity:10]]
[2020.03.05-13.42.36:052][  0]LogConfig: Setting CVar [[s.UnregisterComponentsTimeLimit:1.0]]
[2020.03.05-13.42.36:052][  0]LogConfig: Setting CVar [[s.LevelStreamingComponentsUnregistrationGranularity:5]]
[2020.03.05-13.42.36:052][  0]LogConfig: Setting CVar [[s.FlushStreamingOnExit:1]]
[2020.03.05-13.42.36:052][  0]LogConfig: Applying CVar settings from Section [/Script/Engine.GarbageCollectionSettings] File [C:/Users/Joakim.Johansson/Documents/Unreal Projects/Shadow_ProjectZero/Saved/Config/Windows/Engine.ini]
[2020.03.05-13.42.36:052][  0]LogConfig: Setting CVar [[gc.MaxObjectsNotConsideredByGC:1]]
[2020.03.05-13.42.36:052][  0]LogConfig: Setting CVar [[gc.SizeOfPermanentObjectPool:0]]
[2020.03.05-13.42.36:052][  0]LogConfig: Setting CVar [[gc.FlushStreamingOnGC:0]]
[2020.03.05-13.42.36:052][  0]LogConfig: Setting CVar [[gc.NumRetriesBeforeForcingGC:10]]
[2020.03.05-13.42.36:052][  0]LogConfig: Setting CVar [[gc.AllowParallelGC:1]]
[2020.03.05-13.42.36:052][  0]LogConfig: Setting CVar [[gc.TimeBetweenPurgingPendingKillObjects:61.1]]
[2020.03.05-13.42.36:052][  0]LogConfig: Setting CVar [[gc.MaxObjectsInEditor:25165824]]
[2020.03.05-13.42.36:052][  0]LogConfig: Setting CVar [[gc.IncrementalBeginDestroyEnabled:1]]
[2020.03.05-13.42.36:052][  0]LogConfig: Setting CVar [[gc.CreateGCClusters:1]]
[2020.03.05-13.42.36:052][  0]LogConfig: Setting CVar [[gc.MinGCClusterSize:5]]
[2020.03.05-13.42.36:052][  0]LogConfig: Setting CVar [[gc.ActorClusteringEnabled:0]]
[2020.03.05-13.42.36:052][  0]LogConfig: Setting CVar [[gc.BlueprintClusteringEnabled:0]]
[2020.03.05-13.42.36:052][  0]LogConfig: Setting CVar [[gc.UseDisregardForGCOnDedicatedServers:0]]
[2020.03.05-13.42.36:052][  0]LogConfig: Applying CVar settings from Section [/Script/Engine.NetworkSettings] File [C:/Users/Joakim.Johansson/Documents/Unreal Projects/Shadow_ProjectZero/Saved/Config/Windows/Engine.ini]
[2020.03.05-13.42.36:052][  0]LogConfig: Applying CVar settings from Section [/Script/UnrealEd.CookerSettings] File [C:/Users/Joakim.Johansson/Documents/Unreal Projects/Shadow_ProjectZero/Saved/Config/Windows/Engine.ini]
[2020.03.05-13.42.36:056][  0]LogConfig: Applying CVar settings from Section [ViewDistanceQuality@3] File [C:/Users/Joakim.Johansson/Documents/Unreal Projects/Shadow_ProjectZero/Saved/Config/Windows/Scalability.ini]
[2020.03.05-13.42.36:056][  0]LogConfig: Setting CVar [[r.SkeletalMeshLODBias:0]]
[2020.03.05-13.42.36:056][  0]LogConfig: Setting CVar [[r.ViewDistanceScale:1.0]]
[2020.03.05-13.42.36:056][  0]LogConfig: Applying CVar settings from Section [AntiAliasingQuality@3] File [C:/Users/Joakim.Johansson/Documents/Unreal Projects/Shadow_ProjectZero/Saved/Config/Windows/Scalability.ini]
[2020.03.05-13.42.36:056][  0]LogConfig: Setting CVar [[r.PostProcessAAQuality:4]]
[2020.03.05-13.42.36:056][  0]LogConfig: Applying CVar settings from Section [ShadowQuality@3] File [C:/Users/Joakim.Johansson/Documents/Unreal Projects/Shadow_ProjectZero/Saved/Config/Windows/Scalability.ini]
[2020.03.05-13.42.36:056][  0]LogConfig: Setting CVar [[r.LightFunctionQuality:1]]
[2020.03.05-13.42.36:056][  0]LogConfig: Setting CVar [[r.ShadowQuality:5]]
[2020.03.05-13.42.36:056][  0]LogConfig: Setting CVar [[r.Shadow.CSM.MaxCascades:10]]
[2020.03.05-13.42.36:056][  0]LogConfig: Setting CVar [[r.Shadow.MaxResolution:2048]]
[2020.03.05-13.42.36:056][  0]LogConfig: Setting CVar [[r.Shadow.MaxCSMResolution:2048]]
[2020.03.05-13.42.36:056][  0]LogConfig: Setting CVar [[r.Shadow.RadiusThreshold:0.01]]
[2020.03.05-13.42.36:056][  0]LogConfig: Setting CVar [[r.Shadow.DistanceScale:1.0]]
[2020.03.05-13.42.36:056][  0]LogConfig: Setting CVar [[r.Shadow.CSM.TransitionScale:1.0]]
[2020.03.05-13.42.36:056][  0]LogConfig: Setting CVar [[r.Shadow.PreShadowResolutionFactor:1.0]]
[2020.03.05-13.42.36:056][  0]LogConfig: Setting CVar [[r.DistanceFieldShadowing:1]]
[2020.03.05-13.42.36:056][  0]LogConfig: Setting CVar [[r.DistanceFieldAO:1]]
[2020.03.05-13.42.36:056][  0]LogConfig: Setting CVar [[r.AOQuality:2]]
[2020.03.05-13.42.36:056][  0]LogConfig: Setting CVar [[r.VolumetricFog:1]]
[2020.03.05-13.42.36:056][  0]LogConfig: Setting CVar [[r.VolumetricFog.GridPixelSize:8]]
[2020.03.05-13.42.36:056][  0]LogConfig: Setting CVar [[r.VolumetricFog.GridSizeZ:128]]
[2020.03.05-13.42.36:056][  0]LogConfig: Setting CVar [[r.VolumetricFog.HistoryMissSupersampleCount:4]]
[2020.03.05-13.42.36:056][  0]LogConfig: Setting CVar [[r.LightMaxDrawDistanceScale:1]]
[2020.03.05-13.42.36:056][  0]LogConfig: Setting CVar [[r.CapsuleShadows:1]]
[2020.03.05-13.42.36:056][  0]LogConfig: Applying CVar settings from Section [PostProcessQuality@3] File [C:/Users/Joakim.Johansson/Documents/Unreal Projects/Shadow_ProjectZero/Saved/Config/Windows/Scalability.ini]
[2020.03.05-13.42.36:056][  0]LogConfig: Setting CVar [[r.MotionBlurQuality:4]]
[2020.03.05-13.42.36:056][  0]LogConfig: Setting CVar [[r.AmbientOcclusionMipLevelFactor:0.4]]
[2020.03.05-13.42.36:056][  0]LogConfig: Setting CVar [[r.AmbientOcclusionMaxQuality:100]]
[2020.03.05-13.42.36:056][  0]LogConfig: Setting CVar [[r.AmbientOcclusionLevels:-1]]
[2020.03.05-13.42.36:056][  0]LogConfig: Setting CVar [[r.AmbientOcclusionRadiusScale:1.0]]
[2020.03.05-13.42.36:056][  0]LogConfig: Setting CVar [[r.DepthOfFieldQuality:2]]
[2020.03.05-13.42.36:056][  0]LogConfig: Setting CVar [[r.RenderTargetPoolMin:400]]
[2020.03.05-13.42.36:056][  0]LogConfig: Setting CVar [[r.LensFlareQuality:2]]
[2020.03.05-13.42.36:056][  0]LogConfig: Setting CVar [[r.SceneColorFringeQuality:1]]
[2020.03.05-13.42.36:056][  0]LogConfig: Setting CVar [[r.EyeAdaptationQuality:2]]
[2020.03.05-13.42.36:056][  0]LogConfig: Setting CVar [[r.BloomQuality:5]]
[2020.03.05-13.42.36:056][  0]LogConfig: Setting CVar [[r.FastBlurThreshold:100]]
[2020.03.05-13.42.36:056][  0]LogConfig: Setting CVar [[r.Upscale.Quality:3]]
[2020.03.05-13.42.36:056][  0]LogConfig: Setting CVar [[r.Tonemapper.GrainQuantization:1]]
[2020.03.05-13.42.36:056][  0]LogConfig: Setting CVar [[r.LightShaftQuality:1]]
[2020.03.05-13.42.36:056][  0]LogConfig: Setting CVar [[r.Filter.SizeScale:1]]
[2020.03.05-13.42.36:056][  0]LogConfig: Setting CVar [[r.Tonemapper.Quality:5]]
[2020.03.05-13.42.36:056][  0]LogConfig: Setting CVar [[r.DOF.Gather.AccumulatorQuality:1        ; higher gathering accumulator quality]]
[2020.03.05-13.42.36:056][  0]LogConfig: Setting CVar [[r.DOF.Gather.PostfilterMethod:1          ; Median3x3 postfilering method]]
[2020.03.05-13.42.36:056][  0]LogConfig: Setting CVar [[r.DOF.Gather.EnableBokehSettings:0       ; no bokeh simulation when gathering]]
[2020.03.05-13.42.36:056][  0]LogConfig: Setting CVar [[r.DOF.Gather.RingCount:4                 ; medium number of samples when gathering]]
[2020.03.05-13.42.36:056][  0]LogConfig: Setting CVar [[r.DOF.Scatter.ForegroundCompositing:1    ; additive foreground scattering]]
[2020.03.05-13.42.36:056][  0]LogConfig: Setting CVar [[r.DOF.Scatter.BackgroundCompositing:2    ; additive background scattering]]
[2020.03.05-13.42.36:056][  0]LogConfig: Setting CVar [[r.DOF.Scatter.EnableBokehSettings:1      ; bokeh simulation when scattering]]
[2020.03.05-13.42.36:056][  0]LogConfig: Setting CVar [[r.DOF.Scatter.MaxSpriteRatio:0.1         ; only a maximum of 10% of scattered bokeh]]
[2020.03.05-13.42.36:056][  0]LogConfig: Setting CVar [[r.DOF.Recombine.Quality:1                ; cheap slight out of focus]]
[2020.03.05-13.42.36:056][  0]LogConfig: Setting CVar [[r.DOF.Recombine.EnableBokehSettings:0    ; no bokeh simulation on slight out of focus]]
[2020.03.05-13.42.36:056][  0]LogConfig: Setting CVar [[r.DOF.TemporalAAQuality:1                ; more stable temporal accumulation]]
[2020.03.05-13.42.36:056][  0]LogConfig: Setting CVar [[r.DOF.Kernel.MaxForegroundRadius:0.025]]
[2020.03.05-13.42.36:056][  0]LogConfig: Setting CVar [[r.DOF.Kernel.MaxBackgroundRadius:0.025]]
[2020.03.05-13.42.36:056][  0]LogConfig: Applying CVar settings from Section [TextureQuality@3] File [C:/Users/Joakim.Johansson/Documents/Unreal Projects/Shadow_ProjectZero/Saved/Config/Windows/Scalability.ini]
[2020.03.05-13.42.36:056][  0]LogConfig: Setting CVar [[r.Streaming.MipBias:0]]
[2020.03.05-13.42.36:056][  0]LogConfig: Setting CVar [[r.Streaming.AmortizeCPUToGPUCopy:0]]
[2020.03.05-13.42.36:056][  0]LogConfig: Setting CVar [[r.Streaming.MaxNumTexturesToStreamPerFrame:0]]
[2020.03.05-13.42.36:056][  0]LogConfig: Setting CVar [[r.Streaming.Boost:1]]
[2020.03.05-13.42.36:056][  0]LogConfig: Setting CVar [[r.MaxAnisotropy:8]]
[2020.03.05-13.42.36:056][  0]LogConfig: Setting CVar [[r.VT.MaxAnisotropy:8]]
[2020.03.05-13.42.36:056][  0]LogConfig: Setting CVar [[r.Streaming.LimitPoolSizeToVRAM:0]]
[2020.03.05-13.42.36:056][  0]LogConfig: Setting CVar [[r.Streaming.PoolSize:1000]]
[2020.03.05-13.42.36:056][  0]LogConfig: Setting CVar [[r.Streaming.MaxEffectiveScreenSize:0]]
[2020.03.05-13.42.36:057][  0]LogConfig: Applying CVar settings from Section [EffectsQuality@3] File [C:/Users/Joakim.Johansson/Documents/Unreal Projects/Shadow_ProjectZero/Saved/Config/Windows/Scalability.ini]
[2020.03.05-13.42.36:057][  0]LogConfig: Setting CVar [[r.TranslucencyLightingVolumeDim:64]]
[2020.03.05-13.42.36:057][  0]LogConfig: Setting CVar [[r.RefractionQuality:2]]
[2020.03.05-13.42.36:057][  0]LogConfig: Setting CVar [[r.SSR.Quality:3]]
[2020.03.05-13.42.36:057][  0]LogConfig: Setting CVar [[r.SSR.HalfResSceneColor:0]]
[2020.03.05-13.42.36:057][  0]LogConfig: Setting CVar [[r.SceneColorFormat:4]]
[2020.03.05-13.42.36:057][  0]LogConfig: Setting CVar [[r.DetailMode:2]]
[2020.03.05-13.42.36:057][  0]LogConfig: Setting CVar [[r.TranslucencyVolumeBlur:1]]
[2020.03.05-13.42.36:057][  0]LogConfig: Setting CVar [[r.MaterialQualityLevel:1 ; High quality]]
[2020.03.05-13.42.36:057][  0]LogConfig: Setting CVar [[r.SSS.Scale:1]]
[2020.03.05-13.42.36:057][  0]LogConfig: Setting CVar [[r.SSS.SampleSet:2]]
[2020.03.05-13.42.36:057][  0]LogConfig: Setting CVar [[r.SSS.Quality:1]]
[2020.03.05-13.42.36:057][  0]LogConfig: Setting CVar [[r.SSS.HalfRes:1]]
[2020.03.05-13.42.36:057][  0]LogConfig: Setting CVar [[r.SSGI.Quality:3]]
[2020.03.05-13.42.36:057][  0]LogConfig: Setting CVar [[r.EmitterSpawnRateScale:1.0]]
[2020.03.05-13.42.36:057][  0]LogConfig: Setting CVar [[r.ParticleLightQuality:2]]
[2020.03.05-13.42.36:057][  0]LogConfig: Setting CVar [[r.SkyAtmosphere.AerialPerspectiveLUT.FastApplyOnOpaque:1 ; Always have FastSkyLUT 1 in this case to avoid wrong sky]]
[2020.03.05-13.42.36:057][  0]LogConfig: Setting CVar [[r.SkyAtmosphere.AerialPerspectiveLUT.SampleCountPerSlice:1]]
[2020.03.05-13.42.36:057][  0]LogConfig: Setting CVar [[r.SkyAtmosphere.AerialPerspectiveLUT.DepthResolution:16.0]]
[2020.03.05-13.42.36:057][  0]LogConfig: Setting CVar [[r.SkyAtmosphere.FastSkyLUT:1]]
[2020.03.05-13.42.36:057][  0]LogConfig: Setting CVar [[r.SkyAtmosphere.FastSkyLUT.SampleCountMin:4.0]]
[2020.03.05-13.42.36:057][  0]LogConfig: Setting CVar [[r.SkyAtmosphere.FastSkyLUT.SampleCountMax:32.0]]
[2020.03.05-13.42.36:057][  0]LogConfig: Setting CVar [[r.SkyAtmosphere.SampleCountMin:4.0]]
[2020.03.05-13.42.36:057][  0]LogConfig: Setting CVar [[r.SkyAtmosphere.SampleCountMax:32.0]]
[2020.03.05-13.42.36:057][  0]LogConfig: Setting CVar [[r.SkyAtmosphere.TransmittanceLUT.UseSmallFormat:0]]
[2020.03.05-13.42.36:057][  0]LogConfig: Setting CVar [[r.SkyAtmosphere.TransmittanceLUT.SampleCount:10.0]]
[2020.03.05-13.42.36:057][  0]LogConfig: Setting CVar [[r.SkyAtmosphere.MultiScatteringLUT.SampleCount:15.0]]
[2020.03.05-13.42.36:057][  0]LogConfig: Applying CVar settings from Section [FoliageQuality@3] File [C:/Users/Joakim.Johansson/Documents/Unreal Projects/Shadow_ProjectZero/Saved/Config/Windows/Scalability.ini]
[2020.03.05-13.42.36:057][  0]LogConfig: Setting CVar [[foliage.DensityScale:1.0]]
[2020.03.05-13.42.36:057][  0]LogConfig: Setting CVar [[grass.DensityScale:1.0]]
[2020.03.05-13.42.36:057][  0]LogConfig: Applying CVar settings from Section [ShadingQuality@3] File [C:/Users/Joakim.Johansson/Documents/Unreal Projects/Shadow_ProjectZero/Saved/Config/Windows/Scalability.ini]
[2020.03.05-13.42.36:057][  0]LogConfig: Setting CVar [[r.HairStrands.SkyLighting.SampleCount:16]]
[2020.03.05-13.42.36:057][  0]LogConfig: Setting CVar [[r.HairStrands.SkyLighting.JitterIntegration:0]]
[2020.03.05-13.42.36:057][  0]LogConfig: Setting CVar [[r.HairStrands.SkyAO.SampleCount:16]]
[2020.03.05-13.42.36:057][  0]LogInit: Selected Device Profile: [Windows]
[2020.03.05-13.42.36:057][  0]LogInit: Applying CVar settings loaded from the selected device profile: [Windows]
[2020.03.05-13.42.36:059][  0]LogHAL: Display: Platform has ~ 16 GB [17106509824 / 17179869184 / 16], which maps to Larger [LargestMinGB=32, LargerMinGB=12, DefaultMinGB=8, SmallerMinGB=6, SmallestMinGB=0)
[2020.03.05-13.42.36:059][  0]LogInit: Going up to parent DeviceProfile []
[2020.03.05-13.42.36:059][  0]LogConfig: Applying CVar settings from Section [ViewDistanceQuality@3] File [C:/Users/Joakim.Johansson/Documents/Unreal Projects/Shadow_ProjectZero/Saved/Config/Windows/Scalability.ini]
[2020.03.05-13.42.36:059][  0]LogConfig: Setting CVar [[r.SkeletalMeshLODBias:0]]
[2020.03.05-13.42.36:059][  0]LogConfig: Setting CVar [[r.ViewDistanceScale:1.0]]
[2020.03.05-13.42.36:059][  0]LogConfig: Applying CVar settings from Section [AntiAliasingQuality@3] File [C:/Users/Joakim.Johansson/Documents/Unreal Projects/Shadow_ProjectZero/Saved/Config/Windows/Scalability.ini]
[2020.03.05-13.42.36:059][  0]LogConfig: Setting CVar [[r.PostProcessAAQuality:4]]
[2020.03.05-13.42.36:059][  0]LogConfig: Applying CVar settings from Section [ShadowQuality@3] File [C:/Users/Joakim.Johansson/Documents/Unreal Projects/Shadow_ProjectZero/Saved/Config/Windows/Scalability.ini]
[2020.03.05-13.42.36:059][  0]LogConfig: Setting CVar [[r.LightFunctionQuality:1]]
[2020.03.05-13.42.36:059][  0]LogConfig: Setting CVar [[r.ShadowQuality:5]]
[2020.03.05-13.42.36:059][  0]LogConfig: Setting CVar [[r.Shadow.CSM.MaxCascades:10]]
[2020.03.05-13.42.36:059][  0]LogConfig: Setting CVar [[r.Shadow.MaxResolution:2048]]
[2020.03.05-13.42.36:059][  0]LogConfig: Setting CVar [[r.Shadow.MaxCSMResolution:2048]]
[2020.03.05-13.42.36:059][  0]LogConfig: Setting CVar [[r.Shadow.RadiusThreshold:0.01]]
[2020.03.05-13.42.36:059][  0]LogConfig: Setting CVar [[r.Shadow.DistanceScale:1.0]]
[2020.03.05-13.42.36:059][  0]LogConfig: Setting CVar [[r.Shadow.CSM.TransitionScale:1.0]]
[2020.03.05-13.42.36:059][  0]LogConfig: Setting CVar [[r.Shadow.PreShadowResolutionFactor:1.0]]
[2020.03.05-13.42.36:059][  0]LogConfig: Setting CVar [[r.DistanceFieldShadowing:1]]
[2020.03.05-13.42.36:059][  0]LogConfig: Setting CVar [[r.DistanceFieldAO:1]]
[2020.03.05-13.42.36:059][  0]LogConfig: Setting CVar [[r.AOQuality:2]]
[2020.03.05-13.42.36:059][  0]LogConfig: Setting CVar [[r.VolumetricFog:1]]
[2020.03.05-13.42.36:059][  0]LogConfig: Setting CVar [[r.VolumetricFog.GridPixelSize:8]]
[2020.03.05-13.42.36:059][  0]LogConfig: Setting CVar [[r.VolumetricFog.GridSizeZ:128]]
[2020.03.05-13.42.36:059][  0]LogConfig: Setting CVar [[r.VolumetricFog.HistoryMissSupersampleCount:4]]
[2020.03.05-13.42.36:059][  0]LogConfig: Setting CVar [[r.LightMaxDrawDistanceScale:1]]
[2020.03.05-13.42.36:059][  0]LogConfig: Setting CVar [[r.CapsuleShadows:1]]
[2020.03.05-13.42.36:060][  0]LogConfig: Applying CVar settings from Section [PostProcessQuality@3] File [C:/Users/Joakim.Johansson/Documents/Unreal Projects/Shadow_ProjectZero/Saved/Config/Windows/Scalability.ini]
[2020.03.05-13.42.36:060][  0]LogConfig: Setting CVar [[r.MotionBlurQuality:4]]
[2020.03.05-13.42.36:060][  0]LogConfig: Setting CVar [[r.AmbientOcclusionMipLevelFactor:0.4]]
[2020.03.05-13.42.36:060][  0]LogConfig: Setting CVar [[r.AmbientOcclusionMaxQuality:100]]
[2020.03.05-13.42.36:060][  0]LogConfig: Setting CVar [[r.AmbientOcclusionLevels:-1]]
[2020.03.05-13.42.36:060][  0]LogConfig: Setting CVar [[r.AmbientOcclusionRadiusScale:1.0]]
[2020.03.05-13.42.36:060][  0]LogConfig: Setting CVar [[r.DepthOfFieldQuality:2]]
[2020.03.05-13.42.36:060][  0]LogConfig: Setting CVar [[r.RenderTargetPoolMin:400]]
[2020.03.05-13.42.36:060][  0]LogConfig: Setting CVar [[r.LensFlareQuality:2]]
[2020.03.05-13.42.36:060][  0]LogConfig: Setting CVar [[r.SceneColorFringeQuality:1]]
[2020.03.05-13.42.36:060][  0]LogConfig: Setting CVar [[r.EyeAdaptationQuality:2]]
[2020.03.05-13.42.36:060][  0]LogConfig: Setting CVar [[r.BloomQuality:5]]
[2020.03.05-13.42.36:060][  0]LogConfig: Setting CVar [[r.FastBlurThreshold:100]]
[2020.03.05-13.42.36:060][  0]LogConfig: Setting CVar [[r.Upscale.Quality:3]]
[2020.03.05-13.42.36:060][  0]LogConfig: Setting CVar [[r.Tonemapper.GrainQuantization:1]]
[2020.03.05-13.42.36:060][  0]LogConfig: Setting CVar [[r.LightShaftQuality:1]]
[2020.03.05-13.42.36:060][  0]LogConfig: Setting CVar [[r.Filter.SizeScale:1]]
[2020.03.05-13.42.36:060][  0]LogConfig: Setting CVar [[r.Tonemapper.Quality:5]]
[2020.03.05-13.42.36:060][  0]LogConfig: Setting CVar [[r.DOF.Gather.AccumulatorQuality:1        ; higher gathering accumulator quality]]
[2020.03.05-13.42.36:060][  0]LogConfig: Setting CVar [[r.DOF.Gather.PostfilterMethod:1          ; Median3x3 postfilering method]]
[2020.03.05-13.42.36:060][  0]LogConfig: Setting CVar [[r.DOF.Gather.EnableBokehSettings:0       ; no bokeh simulation when gathering]]
[2020.03.05-13.42.36:060][  0]LogConfig: Setting CVar [[r.DOF.Gather.RingCount:4                 ; medium number of samples when gathering]]
[2020.03.05-13.42.36:060][  0]LogConfig: Setting CVar [[r.DOF.Scatter.ForegroundCompositing:1    ; additive foreground scattering]]
[2020.03.05-13.42.36:060][  0]LogConfig: Setting CVar [[r.DOF.Scatter.BackgroundCompositing:2    ; additive background scattering]]
[2020.03.05-13.42.36:060][  0]LogConfig: Setting CVar [[r.DOF.Scatter.EnableBokehSettings:1      ; bokeh simulation when scattering]]
[2020.03.05-13.42.36:060][  0]LogConfig: Setting CVar [[r.DOF.Scatter.MaxSpriteRatio:0.1         ; only a maximum of 10% of scattered bokeh]]
[2020.03.05-13.42.36:060][  0]LogConfig: Setting CVar [[r.DOF.Recombine.Quality:1                ; cheap slight out of focus]]
[2020.03.05-13.42.36:060][  0]LogConfig: Setting CVar [[r.DOF.Recombine.EnableBokehSettings:0    ; no bokeh simulation on slight out of focus]]
[2020.03.05-13.42.36:060][  0]LogConfig: Setting CVar [[r.DOF.TemporalAAQuality:1                ; more stable temporal accumulation]]
[2020.03.05-13.42.36:060][  0]LogConfig: Setting CVar [[r.DOF.Kernel.MaxForegroundRadius:0.025]]
[2020.03.05-13.42.36:060][  0]LogConfig: Setting CVar [[r.DOF.Kernel.MaxBackgroundRadius:0.025]]
[2020.03.05-13.42.36:060][  0]LogConfig: Applying CVar settings from Section [TextureQuality@3] File [C:/Users/Joakim.Johansson/Documents/Unreal Projects/Shadow_ProjectZero/Saved/Config/Windows/Scalability.ini]
[2020.03.05-13.42.36:060][  0]LogConfig: Setting CVar [[r.Streaming.MipBias:0]]
[2020.03.05-13.42.36:060][  0]LogConfig: Setting CVar [[r.Streaming.AmortizeCPUToGPUCopy:0]]
[2020.03.05-13.42.36:060][  0]LogConfig: Setting CVar [[r.Streaming.MaxNumTexturesToStreamPerFrame:0]]
[2020.03.05-13.42.36:060][  0]LogConfig: Setting CVar [[r.Streaming.Boost:1]]
[2020.03.05-13.42.36:060][  0]LogConfig: Setting CVar [[r.MaxAnisotropy:8]]
[2020.03.05-13.42.36:060][  0]LogConfig: Setting CVar [[r.VT.MaxAnisotropy:8]]
[2020.03.05-13.42.36:060][  0]LogConfig: Setting CVar [[r.Streaming.LimitPoolSizeToVRAM:0]]
[2020.03.05-13.42.36:060][  0]LogConfig: Setting CVar [[r.Streaming.PoolSize:1000]]
[2020.03.05-13.42.36:060][  0]LogConfig: Setting CVar [[r.Streaming.MaxEffectiveScreenSize:0]]
[2020.03.05-13.42.36:060][  0]LogConfig: Applying CVar settings from Section [EffectsQuality@3] File [C:/Users/Joakim.Johansson/Documents/Unreal Projects/Shadow_ProjectZero/Saved/Config/Windows/Scalability.ini]
[2020.03.05-13.42.36:060][  0]LogConfig: Setting CVar [[r.TranslucencyLightingVolumeDim:64]]
[2020.03.05-13.42.36:060][  0]LogConfig: Setting CVar [[r.RefractionQuality:2]]
[2020.03.05-13.42.36:060][  0]LogConfig: Setting CVar [[r.SSR.Quality:3]]
[2020.03.05-13.42.36:060][  0]LogConfig: Setting CVar [[r.SSR.HalfResSceneColor:0]]
[2020.03.05-13.42.36:060][  0]LogConfig: Setting CVar [[r.SceneColorFormat:4]]
[2020.03.05-13.42.36:060][  0]LogConfig: Setting CVar [[r.DetailMode:2]]
[2020.03.05-13.42.36:060][  0]LogConfig: Setting CVar [[r.TranslucencyVolumeBlur:1]]
[2020.03.05-13.42.36:060][  0]LogConfig: Setting CVar [[r.MaterialQualityLevel:1 ; High quality]]
[2020.03.05-13.42.36:060][  0]LogConfig: Setting CVar [[r.SSS.Scale:1]]
[2020.03.05-13.42.36:060][  0]LogConfig: Setting CVar [[r.SSS.SampleSet:2]]
[2020.03.05-13.42.36:060][  0]LogConfig: Setting CVar [[r.SSS.Quality:1]]
[2020.03.05-13.42.36:060][  0]LogConfig: Setting CVar [[r.SSS.HalfRes:1]]
[2020.03.05-13.42.36:060][  0]LogConfig: Setting CVar [[r.SSGI.Quality:3]]
[2020.03.05-13.42.36:060][  0]LogConfig: Setting CVar [[r.EmitterSpawnRateScale:1.0]]
[2020.03.05-13.42.36:060][  0]LogConfig: Setting CVar [[r.ParticleLightQuality:2]]
[2020.03.05-13.42.36:060][  0]LogConfig: Setting CVar [[r.SkyAtmosphere.AerialPerspectiveLUT.FastApplyOnOpaque:1 ; Always have FastSkyLUT 1 in this case to avoid wrong sky]]
[2020.03.05-13.42.36:060][  0]LogConfig: Setting CVar [[r.SkyAtmosphere.AerialPerspectiveLUT.SampleCountPerSlice:1]]
[2020.03.05-13.42.36:060][  0]LogConfig: Setting CVar [[r.SkyAtmosphere.AerialPerspectiveLUT.DepthResolution:16.0]]
[2020.03.05-13.42.36:060][  0]LogConfig: Setting CVar [[r.SkyAtmosphere.FastSkyLUT:1]]
[2020.03.05-13.42.36:060][  0]LogConfig: Setting CVar [[r.SkyAtmosphere.FastSkyLUT.SampleCountMin:4.0]]
[2020.03.05-13.42.36:060][  0]LogConfig: Setting CVar [[r.SkyAtmosphere.FastSkyLUT.SampleCountMax:32.0]]
[2020.03.05-13.42.36:060][  0]LogConfig: Setting CVar [[r.SkyAtmosphere.SampleCountMin:4.0]]
[2020.03.05-13.42.36:060][  0]LogConfig: Setting CVar [[r.SkyAtmosphere.SampleCountMax:32.0]]
[2020.03.05-13.42.36:060][  0]LogConfig: Setting CVar [[r.SkyAtmosphere.TransmittanceLUT.UseSmallFormat:0]]
[2020.03.05-13.42.36:060][  0]LogConfig: Setting CVar [[r.SkyAtmosphere.TransmittanceLUT.SampleCount:10.0]]
[2020.03.05-13.42.36:060][  0]LogConfig: Setting CVar [[r.SkyAtmosphere.MultiScatteringLUT.SampleCount:15.0]]
[2020.03.05-13.42.36:060][  0]LogConfig: Applying CVar settings from Section [FoliageQuality@3] File [C:/Users/Joakim.Johansson/Documents/Unreal Projects/Shadow_ProjectZero/Saved/Config/Windows/Scalability.ini]
[2020.03.05-13.42.36:060][  0]LogConfig: Setting CVar [[foliage.DensityScale:1.0]]
[2020.03.05-13.42.36:060][  0]LogConfig: Setting CVar [[grass.DensityScale:1.0]]
[2020.03.05-13.42.36:060][  0]LogConfig: Applying CVar settings from Section [ShadingQuality@3] File [C:/Users/Joakim.Johansson/Documents/Unreal Projects/Shadow_ProjectZero/Saved/Config/Windows/Scalability.ini]
[2020.03.05-13.42.36:060][  0]LogConfig: Setting CVar [[r.HairStrands.SkyLighting.SampleCount:16]]
[2020.03.05-13.42.36:060][  0]LogConfig: Setting CVar [[r.HairStrands.SkyLighting.JitterIntegration:0]]
[2020.03.05-13.42.36:060][  0]LogConfig: Setting CVar [[r.HairStrands.SkyAO.SampleCount:16]]
[2020.03.05-13.42.36:060][  0]LogConfig: Applying CVar settings from Section [Startup] File [../../../Engine/Config/ConsoleVariables.ini]
[2020.03.05-13.42.36:061][  0]LogConfig: Setting CVar [[net.UseAdaptiveNetUpdateFrequency:0]]
[2020.03.05-13.42.36:061][  0]LogConfig: Setting CVar [[p.chaos.AllowCreatePhysxBodies:1]]
[2020.03.05-13.42.36:061][  0]LogConfig: Applying CVar settings from Section [ConsoleVariables] File [C:/Users/Joakim.Johansson/Documents/Unreal Projects/Shadow_ProjectZero/Saved/Config/Windows/Engine.ini]
[2020.03.05-13.42.36:061][  0]LogInit: Computer: FGWH18065
[2020.03.05-13.42.36:061][  0]LogInit: User: JoakimJohansson
[2020.03.05-13.42.36:061][  0]LogInit: CPU Page size=4096, Cores=6
[2020.03.05-13.42.36:061][  0]LogInit: High frequency timer resolution =10.000000 MHz
[2020.03.05-13.42.36:061][  0]LogMemory: Memory total: Physical=15.9GB (16GB approx)
[2020.03.05-13.42.36:061][  0]LogMemory: Platform Memory Stats for Windows
[2020.03.05-13.42.36:061][  0]LogMemory: Process Physical Memory: 105.18 MB used, 105.18 MB peak
[2020.03.05-13.42.36:061][  0]LogMemory: Process Virtual Memory: 100.23 MB used, 100.23 MB peak
[2020.03.05-13.42.36:061][  0]LogMemory: Physical Memory: 4588.24 MB used,  11725.80 MB free, 16314.04 MB total
[2020.03.05-13.42.36:061][  0]LogMemory: Virtual Memory: 5131.54 MB used,  134212600.00 MB free, 134217728.00 MB total
[2020.03.05-13.42.36:064][  0]LogWindows: WindowsPlatformFeatures enabled
[2020.03.05-13.42.36:077][  0]LogInit: Using OS detected language (en-US).
[2020.03.05-13.42.36:077][  0]LogInit: Using OS detected locale (en-SE).
[2020.03.05-13.42.36:078][  0]LogTextLocalizationManager: No specific localization for 'en-US' exists, so the 'en' localization will be used.
[2020.03.05-13.42.36:211][  0]LogInit: Setting process to per monitor DPI aware
[2020.03.05-13.42.36:239][  0]LogSlate: New Slate User Created.  User Index 0, Is Virtual User: 0
[2020.03.05-13.42.36:239][  0]LogSlate: Slate User Registered.  User Index 0, Is Virtual User: 0
[2020.03.05-13.42.36:348][  0]LogHMD: Failed to initialize OpenVR with code 110
[2020.03.05-13.42.36:348][  0]LogD3D11RHI: D3D11 min allowed feature level: 11_0
[2020.03.05-13.42.36:348][  0]LogD3D11RHI: D3D11 max allowed feature level: 11_0
[2020.03.05-13.42.36:348][  0]LogD3D11RHI: D3D11 adapters:
[2020.03.05-13.42.36:416][  0]LogD3D11RHI:    0. 'NVIDIA GeForce GTX 1060 6GB' (Feature Level 11_0)
[2020.03.05-13.42.36:416][  0]LogD3D11RHI:       6052/0/8157 MB DedicatedVideo/DedicatedSystem/SharedSystem, Outputs:2, VendorId:0x10de
[2020.03.05-13.42.36:418][  0]LogD3D11RHI:    1. 'Microsoft Basic Render Driver' (Feature Level 11_0)
[2020.03.05-13.42.36:418][  0]LogD3D11RHI:       0/0/8157 MB DedicatedVideo/DedicatedSystem/SharedSystem, Outputs:0, VendorId:0x1414
[2020.03.05-13.42.36:418][  0]LogD3D11RHI: Chosen D3D11 Adapter: 0
[2020.03.05-13.42.36:423][  0]LogD3D11RHI: Creating new Direct3DDevice
[2020.03.05-13.42.36:423][  0]LogD3D11RHI:     GPU DeviceId: 0x1c03 (for the marketing name, search the web for "GPU Device Id")
[2020.03.05-13.42.36:423][  0]LogWindows: EnumDisplayDevices:
[2020.03.05-13.42.36:423][  0]LogWindows:    0. 'NVIDIA GeForce GTX 1060 6GB' (P:0 D:1)
[2020.03.05-13.42.36:423][  0]LogWindows:    1. 'NVIDIA GeForce GTX 1060 6GB' (P:1 D:1)
[2020.03.05-13.42.36:423][  0]LogWindows:    2. 'NVIDIA GeForce GTX 1060 6GB' (P:0 D:0)
[2020.03.05-13.42.36:424][  0]LogWindows:    3. 'NVIDIA GeForce GTX 1060 6GB' (P:0 D:0)
[2020.03.05-13.42.36:424][  0]LogWindows: DebugString: FoundDriverCount:4 
[2020.03.05-13.42.36:424][  0]LogD3D11RHI:     Adapter Name: NVIDIA GeForce GTX 1060 6GB
[2020.03.05-13.42.36:424][  0]LogD3D11RHI:   Driver Version: 442.19 (internal:26.21.14.4219, unified:442.19)
[2020.03.05-13.42.36:424][  0]LogD3D11RHI:      Driver Date: 1-29-2020
[2020.03.05-13.42.36:424][  0]LogRHI: Texture pool is 4236 MB (70% of 6052 MB)
[2020.03.05-13.42.36:458][  0]LogD3D11RHI: RHI has support for 64 bit atomics
[2020.03.05-13.42.36:458][  0]LogD3D11RHI: Async texture creation enabled
[2020.03.05-13.42.36:471][  0]LogD3D11RHI: GPU Timing Frequency: 1000.000000 (Debug: 2 1)
[2020.03.05-13.42.36:699][  0]LogTargetPlatformManager: Display: Loaded TargetPlatform 'AllDesktop'
[2020.03.05-13.42.36:725][  0]LogTargetPlatformManager: Display: Loaded TargetPlatform 'Android'
[2020.03.05-13.42.36:725][  0]LogTargetPlatformManager: Display: Loaded TargetPlatform 'Android_ASTC'
[2020.03.05-13.42.36:725][  0]LogTargetPlatformManager: Display: Loaded TargetPlatform 'Android_ATC'
[2020.03.05-13.42.36:725][  0]LogTargetPlatformManager: Display: Loaded TargetPlatform 'Android_DXT'
[2020.03.05-13.42.36:725][  0]LogTargetPlatformManager: Display: Loaded TargetPlatform 'Android_ETC1'
[2020.03.05-13.42.36:725][  0]LogTargetPlatformManager: Display: Loaded TargetPlatform 'Android_ETC1a'
[2020.03.05-13.42.36:725][  0]LogTargetPlatformManager: Display: Loaded TargetPlatform 'Android_ETC2'
[2020.03.05-13.42.36:725][  0]LogTargetPlatformManager: Display: Loaded TargetPlatform 'Android_PVRTC'
[2020.03.05-13.42.36:725][  0]LogTargetPlatformManager: Display: Loaded TargetPlatform 'AndroidClient'
[2020.03.05-13.42.36:725][  0]LogTargetPlatformManager: Display: Loaded TargetPlatform 'Android_ASTCClient'
[2020.03.05-13.42.36:725][  0]LogTargetPlatformManager: Display: Loaded TargetPlatform 'Android_ATCClient'
[2020.03.05-13.42.36:725][  0]LogTargetPlatformManager: Display: Loaded TargetPlatform 'Android_DXTClient'
[2020.03.05-13.42.36:725][  0]LogTargetPlatformManager: Display: Loaded TargetPlatform 'Android_ETC1Client'
[2020.03.05-13.42.36:725][  0]LogTargetPlatformManager: Display: Loaded TargetPlatform 'Android_ETC1aClient'
[2020.03.05-13.42.36:725][  0]LogTargetPlatformManager: Display: Loaded TargetPlatform 'Android_ETC2Client'
[2020.03.05-13.42.36:725][  0]LogTargetPlatformManager: Display: Loaded TargetPlatform 'Android_PVRTCClient'
[2020.03.05-13.42.36:725][  0]LogTargetPlatformManager: Display: Loaded TargetPlatform 'Android_Multi'
[2020.03.05-13.42.36:725][  0]LogTargetPlatformManager: Display: Loaded TargetPlatform 'Android_MultiClient'
[2020.03.05-13.42.36:741][  0]LogTargetPlatformManager: Display: Loaded TargetPlatform 'IOSClient'
[2020.03.05-13.42.36:741][  0]LogTargetPlatformManager: Display: Loaded TargetPlatform 'IOS'
[2020.03.05-13.42.36:747][  0]LogTargetPlatformManager: Display: Loaded TargetPlatform 'LinuxNoEditor'
[2020.03.05-13.42.36:753][  0]LogTargetPlatformManager: Display: Loaded TargetPlatform 'LinuxClient'
[2020.03.05-13.42.36:759][  0]LogTargetPlatformManager: Display: Loaded TargetPlatform 'LinuxServer'
[2020.03.05-13.42.36:766][  0]LogTargetPlatformManager: Display: Loaded TargetPlatform 'LinuxAArch64NoEditor'
[2020.03.05-13.42.36:772][  0]LogTargetPlatformManager: Display: Loaded TargetPlatform 'LinuxAArch64Client'
[2020.03.05-13.42.36:778][  0]LogTargetPlatformManager: Display: Loaded TargetPlatform 'LinuxAArch64Server'
[2020.03.05-13.42.36:798][  0]LogTargetPlatformManager: Display: Loaded TargetPlatform 'Lumin'
[2020.03.05-13.42.36:798][  0]LogTargetPlatformManager: Display: Loaded TargetPlatform 'LuminClient'
[2020.03.05-13.42.36:811][  0]LogTargetPlatformManager: Display: Loaded TargetPlatform 'TVOSClient'
[2020.03.05-13.42.36:811][  0]LogTargetPlatformManager: Display: Loaded TargetPlatform 'TVOS'
[2020.03.05-13.42.36:817][  0]LogTargetPlatformManager: Display: Loaded TargetPlatform 'WindowsNoEditor'
[2020.03.05-13.42.36:824][  0]LogTargetPlatformManager: Display: Loaded TargetPlatform 'Windows'
[2020.03.05-13.42.36:830][  0]LogTargetPlatformManager: Display: Loaded TargetPlatform 'WindowsClient'
[2020.03.05-13.42.36:836][  0]LogTargetPlatformManager: Display: Loaded TargetPlatform 'WindowsServer'
[2020.03.05-13.42.36:836][  0]LogTargetPlatformManager: Display: Building Assets For Windows
[2020.03.05-13.42.36:838][  0]LogAudioDebug: Display: Lib vorbis DLL was dynamically loaded.
[2020.03.05-13.42.36:857][  0]LogShaderCompilers: Guid format shader working directory is -28 characters bigger than the processId version (../../../../../../Users/Joakim.Johansson/Documents/Unreal Projects/Shadow_ProjectZero/Intermediate/Shaders/WorkingDirectory/9848/).
[2020.03.05-13.42.36:858][  0]LogShaderCompilers: Cleaned the shader compiler working directory 'C:/Users/Joakim.Johansson/AppData/Local/Temp/UnrealShaderWorkingDir/05913FFC419BD2E61A9F2EBCF0F59A15/'.
[2020.03.05-13.42.36:858][  0]LogXGEController: Cannot use XGE Controller as Incredibuild is not installed on this machine.
[2020.03.05-13.42.36:858][  0]LogShaderCompilers: Cannot use XGE Shader Compiler as Incredibuild is not installed on this machine.
[2020.03.05-13.42.36:858][  0]LogShaderCompilers: Display: Using Local Shader Compiler.
[2020.03.05-13.42.37:472][  0]LogDerivedDataCache: Display: Max Cache Size: 512 MB
[2020.03.05-13.42.37:519][  0]LogDerivedDataCache: Loaded boot cache 0.05s 78MB C:/Users/Joakim.Johansson/AppData/Local/UnrealEngine/4.24/DerivedDataCache/Boot.ddc.
[2020.03.05-13.42.37:519][  0]LogDerivedDataCache: Display: Loaded Boot cache: C:/Users/Joakim.Johansson/AppData/Local/UnrealEngine/4.24/DerivedDataCache/Boot.ddc
[2020.03.05-13.42.37:519][  0]LogDerivedDataCache: FDerivedDataBackendGraph:  Pak pak cache file ../../../../../../Users/Joakim.Johansson/Documents/Unreal Projects/Shadow_ProjectZero/DerivedDataCache/DDC.ddp not found, will not use a pak cache.
[2020.03.05-13.42.37:519][  0]LogDerivedDataCache: Unable to find inner node Pak for hierarchical cache Hierarchy.
[2020.03.05-13.42.37:519][  0]LogDerivedDataCache: FDerivedDataBackendGraph:  CompressedPak pak cache file ../../../../../../Users/Joakim.Johansson/Documents/Unreal Projects/Shadow_ProjectZero/DerivedDataCache/Compressed.ddp not found, will not use a pak cache.
[2020.03.05-13.42.37:519][  0]LogDerivedDataCache: Unable to find inner node CompressedPak for hierarchical cache Hierarchy.
[2020.03.05-13.42.37:528][  0]LogDerivedDataCache: Display: Pak cache opened for reading ../../../Engine/DerivedDataCache/Compressed.ddp.
[2020.03.05-13.42.37:528][  0]LogDerivedDataCache: FDerivedDataBackendGraph:  EnterprisePak pak cache file ../../../Enterprise/DerivedDataCache/Compressed.ddp not found, will not use a pak cache.
[2020.03.05-13.42.37:528][  0]LogDerivedDataCache: Unable to find inner node EnterprisePak for hierarchical cache Hierarchy.
[2020.03.05-13.42.37:528][  0]LogDerivedDataCache: Using Local data cache path C:/Users/Joakim.Johansson/AppData/Local/UnrealEngine/Common/DerivedDataCache: Writable
[2020.03.05-13.42.37:528][  0]LogDerivedDataCache: Shared data cache path not found in *engine.ini, will not use an Shared cache.
[2020.03.05-13.42.37:528][  0]LogDerivedDataCache: Unable to find inner node Shared for hierarchical cache Hierarchy.
[2020.03.05-13.42.37:550][  0]LogMaterial: Verifying Global Shaders for PCD3D_SM5
[2020.03.05-13.42.37:552][  0]LogSlate: Using FreeType 2.10.0
[2020.03.05-13.42.37:553][  0]LogSlate: SlateFontServices - WITH_FREETYPE: 1, WITH_HARFBUZZ: 1
[2020.03.05-13.42.37:594][  0]LogAssetRegistry: FAssetRegistry took 0.0021 seconds to start up
[2020.03.05-13.42.37:830][  0]LogInit: Selected Device Profile: [Windows]
[2020.03.05-13.42.37:960][  0]LogMeshReduction: Using QuadricMeshReduction for automatic static mesh reduction
[2020.03.05-13.42.37:960][  0]LogMeshReduction: Using SimplygonMeshReduction for automatic skeletal mesh reduction
[2020.03.05-13.42.37:960][  0]LogMeshReduction: Using ProxyLODMeshReduction for automatic mesh merging
[2020.03.05-13.42.37:960][  0]LogMeshReduction: No distributed automatic mesh merging module available
[2020.03.05-13.42.37:960][  0]LogMeshMerging: No distributed automatic mesh merging module available
[2020.03.05-13.42.37:973][  0]LogNetVersion: Shadow_ProjectZero 1.0.0, NetCL: 10570792, EngineNetVer: 13, GameNetVer: 0 (Checksum: 4251755885)
[2020.03.05-13.42.38:817][  0]LogPackageLocalizationCache: Processed 10 localized package path(s) for 1 prioritized culture(s) in 0.033858 seconds
[2020.03.05-13.42.38:823][  0]LogUObjectArray: 46750 objects as part of root set at end of initial load.
[2020.03.05-13.42.38:823][  0]LogUObjectAllocator: 8137160 out of 0 bytes used by permanent object pool.
[2020.03.05-13.42.38:823][  0]LogUObjectArray: CloseDisregardForGC: 0/0 objects in disregard for GC pool
[2020.03.05-13.42.39:136][  0]LogTcpMessaging: Initializing TcpMessaging bridge
[2020.03.05-13.42.39:138][  0]LogUdpMessaging: Initializing bridge on interface 0.0.0.0:0 to multicast group 230.0.0.1:6666.
[2020.03.05-13.42.39:176][  0]SourceControl: Source control is disabled
[2020.03.05-13.42.39:177][  0]SourceControl: Source control is disabled
[2020.03.05-13.42.39:177][  0]SourceControl: Source control is disabled
[2020.03.05-13.42.39:178][  0]SourceControl: Source control is disabled
[2020.03.05-13.42.39:178][  0]SourceControl: Source control is disabled
[2020.03.05-13.42.39:238][  0]LogAndroidPermission: UAndroidPermissionCallbackProxy::GetInstance
[2020.03.05-13.42.39:246][  0]LogAudioCaptureCore: Display: No Audio Capture implementations found. Audio input will be silent.
[2020.03.05-13.42.39:246][  0]LogAudioCaptureCore: Display: No Audio Capture implementations found. Audio input will be silent.
[2020.03.05-13.42.39:315][  0]LogOcInput: OculusInput pre-init called
[2020.03.05-13.42.39:321][  0]LogWindows: Failed to load 'OVRPlugin.dll' (GetLastError=126)
[2020.03.05-13.42.39:321][  0]LogWindows: File 'OVRPlugin.dll' does not exist
[2020.03.05-13.42.39:375][  0]LogEngine: Initializing Engine...
[2020.03.05-13.42.39:376][  0]LogHMD: Failed to initialize OpenVR with code 110
[2020.03.05-13.42.39:376][  0]LogStats: UGameplayTagsManager::InitializeManager -  0.000 s
[2020.03.05-13.42.39:654][  0]LogInit: Initializing FReadOnlyCVARCache
[2020.03.05-13.42.39:659][  0]LogAIModule: Creating AISystem for world Untitled
[2020.03.05-13.42.39:675][  0]LogAudioMixer: Display: Audio Mixer Platform Settings:
[2020.03.05-13.42.39:675][  0]LogAudioMixer: Display: 	Sample Rate:						  48000
[2020.03.05-13.42.39:675][  0]LogAudioMixer: Display: 	Callback Buffer Frame Size Requested: 1024
[2020.03.05-13.42.39:675][  0]LogAudioMixer: Display: 	Callback Buffer Frame Size To Use:	  1024
[2020.03.05-13.42.39:675][  0]LogAudioMixer: Display: 	Number of buffers to queue:			  2
[2020.03.05-13.42.39:675][  0]LogAudioMixer: Display: 	Max Channels (voices):				  32
[2020.03.05-13.42.39:675][  0]LogAudioMixer: Display: 	Number of Async Source Workers:		  0
[2020.03.05-13.42.39:675][  0]LogAudio: Display: AudioDevice MaxSources: 32
[2020.03.05-13.42.39:675][  0]LogAudio: Display: Using built-in audio occlusion.
[2020.03.05-13.42.39:675][  0]LogAudioMixer: Display: Initializing audio mixer.
[2020.03.05-13.42.39:686][  0]LogAudioMixer: Display: Audio Device Output Speaker Info:
[2020.03.05-13.42.39:686][  0]LogAudioMixer: Display: Name: Realtek Digital Output (Realtek High Definition Audio)
[2020.03.05-13.42.39:686][  0]LogAudioMixer: Display: Is Default: Yes
[2020.03.05-13.42.39:686][  0]LogAudioMixer: Display: Sample Rate: 48000
[2020.03.05-13.42.39:686][  0]LogAudioMixer: Display: Channel Count Used: 2
[2020.03.05-13.42.39:686][  0]LogAudioMixer: Display: Device Channel Count: 2
[2020.03.05-13.42.39:686][  0]LogAudioMixer: Display: Channel Order:
[2020.03.05-13.42.39:686][  0]LogAudioMixer: Display: 0: FrontLeft
[2020.03.05-13.42.39:686][  0]LogAudioMixer: Display: 1: FrontRight
[2020.03.05-13.42.39:701][  0]LogAudioMixer: Display: Using Audio Device Realtek Digital Output (Realtek High Definition Audio)
[2020.03.05-13.42.39:705][  0]LogInit: FAudioDevice initialized.
[2020.03.05-13.42.39:705][  0]LogNetVersion: Set ProjectVersion to 1.0.0.0. Version Checksum will be recalculated on next use.
[2020.03.05-13.42.39:774][  0]LogDerivedDataCache: Saved boot cache 0.07s 78MB C:/Users/Joakim.Johansson/AppData/Local/UnrealEngine/4.24/DerivedDataCache/Boot.ddc.
[2020.03.05-13.42.39:779][  0]LogInit: Texture streaming: Enabled
[2020.03.05-13.42.39:785][  0]LogEngineSessionManager: EngineSessionManager initialized
[2020.03.05-13.42.39:785][  0]LogEditorSessionSummary: Verbose: Initializing EditorSessionSummaryWriter for editor session tracking
[2020.03.05-13.42.39:786][  0]LogEditorSessionSummary: EditorSessionSummaryWriter initialized
[2020.03.05-13.42.39:834][  0]LogInit: Transaction tracking system initialized
[2020.03.05-13.42.39:841][  0]BlueprintLog: New page: Editor Load
[2020.03.05-13.42.39:864][  0]LocalizationService: Localization service is disabled
[2020.03.05-13.42.39:887][  0]LogLinker: Warning: Failed to load '/Game/SideScrollerBP/SideScrollerOverview': Can't find file.
[2020.03.05-13.42.39:887][  0]LogLinker: Warning: Failed to load '/Game/SideScrollerBP/SideScrollerOverview': Can't find file.
[2020.03.05-13.42.39:887][  0]LogUObjectGlobals: Warning: Failed to find object 'Class /Game/SideScrollerBP/SideScrollerOverview.SideScrollerOverview_C'
[2020.03.05-13.42.40:076][  0]LogFileCache: Scanning file cache for directory 'C:/Users/Joakim.Johansson/Documents/Unreal Projects/Shadow_ProjectZero/Content/' took 0.01s
[2020.03.05-13.42.40:076][  0]LogCook: Display: Max memory allowance for cook 16384mb min free memory 0mb
[2020.03.05-13.42.40:076][  0]LogCook: Display: Mobile HDR setting 1
[2020.03.05-13.42.40:597][  0]SourceControl: Source control is disabled
[2020.03.05-13.42.40:597][  0]Cmd: MAP LOAD FILE="../../../../../../Users/Joakim.Johansson/Documents/Unreal Projects/Shadow_ProjectZero/Content/ThirdPersonBP/Maps/ThirdPersonExampleMap.umap" TEMPLATE=0 SHOWPROGRESS=1 FEATURELEVEL=3
[2020.03.05-13.42.40:598][  0]LightingResults: New page: Lighting Build
[2020.03.05-13.42.40:598][  0]LogWorld: UWorld::CleanupWorld for Untitled, bSessionEnded=true, bCleanupResources=true
[2020.03.05-13.42.40:598][  0]LogSlate: InvalidateAllWidgets triggered.  All widgets were invalidated
[2020.03.05-13.42.40:598][  0]MapCheck: New page: Map Check
[2020.03.05-13.42.40:598][  0]LightingResults: New page: Lighting Build
[2020.03.05-13.42.40:624][  0]LogUObjectHash: Compacting FUObjectHashTables data took   1.38ms
[2020.03.05-13.42.41:102][  0]LogAIModule: Creating AISystem for world ThirdPersonExampleMap
[2020.03.05-13.42.41:121][  0]LogEditorServer: Finished looking for orphan Actors (0.000 secs)
[2020.03.05-13.42.41:149][  0]LogUObjectHash: Compacting FUObjectHashTables data took   2.09ms
[2020.03.05-13.42.41:149][  0]Cmd: MAP CHECKDEP NOCLEARLOG
[2020.03.05-13.42.41:150][  0]MapCheck: Map check complete: 0 Error(s), 0 Warning(s), took 0,14ms to complete.
[2020.03.05-13.42.41:150][  0]LogFileHelpers: Loading map 'ThirdPersonExampleMap' took 0.553
[2020.03.05-13.42.42:179][  0]LogSlate: Updating window title bar state: overlay mode, drag disabled, window buttons hidden, title bar hidden
[2020.03.05-13.42.42:185][  0]LogSlate: Updating window title bar state: overlay mode, drag disabled, window buttons hidden, title bar hidden
[2020.03.05-13.42.42:190][  0]LogSlate: Updating window title bar state: overlay mode, drag disabled, window buttons hidden, title bar hidden
[2020.03.05-13.42.42:196][  0]LogSlate: Updating window title bar state: overlay mode, drag disabled, window buttons hidden, title bar hidden
[2020.03.05-13.42.42:200][  0]LogCollectionManager: Loaded 0 collections in 0.001579 seconds
[2020.03.05-13.42.42:211][  0]LogFileCache: Scanning file cache for directory 'C:/Users/Joakim.Johansson/Documents/Unreal Projects/Shadow_ProjectZero/Saved/Collections/' took 0.00s
[2020.03.05-13.42.42:211][  0]LogFileCache: Scanning file cache for directory 'C:/Users/Joakim.Johansson/Documents/Unreal Projects/Shadow_ProjectZero/Content/Developers/JoakimJohansson/Collections/' took 0.00s
[2020.03.05-13.42.42:211][  0]LogFileCache: Scanning file cache for directory 'C:/Users/Joakim.Johansson/Documents/Unreal Projects/Shadow_ProjectZero/Content/Collections/' took 0.00s
[2020.03.05-13.42.42:211][  0]LogContentBrowser: Native class hierarchy populated in 0.0069 seconds. Added 3015 classes and 717 folders.
[2020.03.05-13.42.42:213][  0]LogContentBrowser: Native class hierarchy updated for 'WidgetCarousel' in 0.0002 seconds. Added 0 classes and 0 folders.
[2020.03.05-13.42.42:251][  0]LogContentBrowser: Native class hierarchy updated for 'AddContentDialog' in 0.0002 seconds. Added 0 classes and 0 folders.
[2020.03.05-13.42.42:254][  0]LogContentBrowser: Native class hierarchy updated for 'SceneOutliner' in 0.0002 seconds. Added 2 classes and 3 folders.
[2020.03.05-13.42.42:318][  0]LogSlate: Warning: The tab "/Game/SideScrollerBP/EditUtils.EditUtils_ActiveTab" attempted to spawn but failed for some reason. It will not be displayed but it will still be saved in the layout settings file.
[2020.03.05-13.42.42:335][  0]LogContentBrowser: Native class hierarchy updated for 'HierarchicalLODOutliner' in 0.0002 seconds. Added 0 classes and 0 folders.
[2020.03.05-13.42.42:336][  0]LogLoad: (Engine Initialization) Total time: 7.26 seconds
[2020.03.05-13.42.42:336][  0]LogLoad: (Engine Initialization) Total Blueprint compile time: 0.00 seconds
[2020.03.05-13.42.42:519][  0]LogRenderer: Reallocating scene render targets to support 64x64 Format 10 NumSamples 1 (Frame:1).
[2020.03.05-13.42.42:519][  0]LogAssetRegistry: Asset discovery search completed in 4.9250 seconds
[2020.03.05-13.42.42:522][  0]LogCollectionManager: Fixed up redirectors for 0 collections in 0.000007 seconds (updated 0 objects)
[2020.03.05-13.42.42:523][  0]LogContentStreaming: Texture pool size now 1000 MB
[2020.03.05-13.42.42:532][  0]LogSlate: Took 0.000133 seconds to synchronously load lazily loaded font '../../../Engine/Content/Slate/Fonts/Roboto-Regular.ttf' (155K)
[2020.03.05-13.42.42:533][  0]LogSlate: Took 0.000098 seconds to synchronously load lazily loaded font '../../../Engine/Content/Slate/Fonts/Roboto-Bold.ttf' (160K)
[2020.03.05-13.42.42:537][  0]LogSlate: Took 0.000132 seconds to synchronously load lazily loaded font '../../../Engine/Content/Editor/Slate/Fonts/FontAwesome.ttf' (139K)
[2020.03.05-13.42.42:596][  0]LogRenderer: Reallocating scene render targets to support 616x288 Format 10 NumSamples 1 (Frame:1).
[2020.03.05-13.42.42:596][  0]LogSlate: Took 0.000158 seconds to synchronously load lazily loaded font '../../../Engine/Content/Slate/Fonts/Roboto-Light.ttf' (167K)
[2020.03.05-13.42.47:722][576]LogSlate: Took 0.000122 seconds to synchronously load lazily loaded font '../../../Engine/Content/Slate/Fonts/Roboto-Light.ttf' (167K)
[2020.03.05-13.42.48:066][576]LogMaterial: Display: Missing cached shader map for material M_Portal, compiling. 
[2020.03.05-13.42.48:154][576]LogShaderCompilers: Display: Worker (1/3): shaders left to compile 44
[2020.03.05-13.42.48:155][576]LogShaderCompilers: Display: Worker (2/3): shaders left to compile 34
[2020.03.05-13.42.48:157][576]LogStaticMesh: Building static mesh SM_PortalMerged...
[2020.03.05-13.42.48:190][576]LogStaticMesh: Built static mesh [0.03s] /Game/PuzzleComponents/SM_PortalMerged.SM_PortalMerged
[2020.03.05-13.42.48:195][576]LogAIModule: Creating AISystem for world JockesLevel
[2020.03.05-13.42.48:219][576]LogAssetEditorSubsystem: Opening Asset editor for World /Game/ThirdPersonBP/Maps/JockesLevel.JockesLevel
[2020.03.05-13.42.48:247][576]LogUObjectHash: Compacting FUObjectHashTables data took   2.09ms
[2020.03.05-13.42.48:248][576]Cmd: MAP LOAD FILE="../../../../../../Users/Joakim.Johansson/Documents/Unreal Projects/Shadow_ProjectZero/Content/ThirdPersonBP/Maps/JockesLevel.umap" TEMPLATE=0 SHOWPROGRESS=1 FEATURELEVEL=3
[2020.03.05-13.42.48:249][576]LightingResults: New page: Lighting Build
[2020.03.05-13.42.48:249][576]LoadErrors: New page: Loading map: JockesLevel.umap
[2020.03.05-13.42.48:250][576]LogWorld: UWorld::CleanupWorld for ThirdPersonExampleMap, bSessionEnded=true, bCleanupResources=true
[2020.03.05-13.42.48:250][576]LogSlate: InvalidateAllWidgets triggered.  All widgets were invalidated
[2020.03.05-13.42.48:250][576]MapCheck: New page: Map Check
[2020.03.05-13.42.48:250][576]LightingResults: New page: Lighting Build
[2020.03.05-13.42.48:276][576]LogUObjectHash: Compacting FUObjectHashTables data took   1.64ms
[2020.03.05-13.42.48:417][576]LogEditorServer: Finished looking for orphan Actors (0.000 secs)
[2020.03.05-13.42.48:445][576]LogUObjectHash: Compacting FUObjectHashTables data took   1.59ms
[2020.03.05-13.42.48:476][576]Cmd: MAP CHECKDEP NOCLEARLOG
[2020.03.05-13.42.48:476][576]MapCheck: Map check complete: 0 Error(s), 0 Warning(s), took 0,163ms to complete.
[2020.03.05-13.42.48:476][576]LogFileHelpers: Loading map 'JockesLevel' took 0.228
[2020.03.05-13.42.49:955][745]LogShaderCompilers: Display: Worker (1/3): shaders left to compile 24
[2020.03.05-13.42.50:014][746]LogRenderer: Reallocating scene render targets to support 924x468 Format 10 NumSamples 1 (Frame:163).
[2020.03.05-13.42.50:793][830]LogShaderCompilers: Display: Worker (2/3): shaders left to compile 14
[2020.03.05-13.42.53:810][192]LogShaderCompilers: Display: Worker (1/3): shaders left to compile 6
[2020.03.05-13.42.53:985][213]LogShaderCompilers: Display: Worker (2/3): shaders left to compile 2
[2020.03.05-13.42.59:080][815]LogTemp: Repeating last play command: New Editor Window (PIE)
[2020.03.05-13.42.59:095][815]LogBlueprintUserMessages: Early PlayInEditor Detection: Level '/Game/ThirdPersonBP/Maps/JockesLevel.JockesLevel:PersistentLevel' has LevelScriptBlueprint '/Game/ThirdPersonBP/Maps/JockesLevel.JockesLevel:PersistentLevel.JockesLevel' with GeneratedClass '/Game/ThirdPersonBP/Maps/JockesLevel.JockesLevel_C' with ClassGeneratedBy '/Game/ThirdPersonBP/Maps/JockesLevel.JockesLevel:PersistentLevel.JockesLevel'
[2020.03.05-13.42.59:095][815]LogPlayLevel: PlayLevel: No blueprints needed recompiling
[2020.03.05-13.42.59:095][815]PIE: New page: PIE session: JockesLevel (5 Mar 2020, 15:42:59)
[2020.03.05-13.42.59:096][815]LogOnline: OSS: Creating online subsystem instance for: NULL
[2020.03.05-13.42.59:097][815]LogOnline: OSS: TryLoadSubsystemAndSetDefault: Loaded subsystem for module [NULL]
[2020.03.05-13.42.59:097][815]LogPlayLevel: Creating play world package: /Game/ThirdPersonBP/Maps/UEDPIE_0_JockesLevel
[2020.03.05-13.42.59:123][815]LogPlayLevel: PIE: StaticDuplicateObject took: (0.026498s)
[2020.03.05-13.42.59:124][815]LogAIModule: Creating AISystem for world JockesLevel
[2020.03.05-13.42.59:124][815]LogPlayLevel: PIE: World Init took: (0.000834s)
[2020.03.05-13.42.59:124][815]LogPlayLevel: PIE: Created PIE world by copying editor world from /Game/ThirdPersonBP/Maps/JockesLevel.JockesLevel to /Game/ThirdPersonBP/Maps/UEDPIE_0_JockesLevel.JockesLevel (0.027632s)
[2020.03.05-13.42.59:148][815]LogUObjectHash: Compacting FUObjectHashTables data took   1.31ms
[2020.03.05-13.42.59:149][815]LogAudioMixer: Display: Audio Mixer Platform Settings:
[2020.03.05-13.42.59:149][815]LogAudioMixer: Display: 	Sample Rate:						  48000
[2020.03.05-13.42.59:149][815]LogAudioMixer: Display: 	Callback Buffer Frame Size Requested: 1024
[2020.03.05-13.42.59:149][815]LogAudioMixer: Display: 	Callback Buffer Frame Size To Use:	  1024
[2020.03.05-13.42.59:149][815]LogAudioMixer: Display: 	Number of buffers to queue:			  2
[2020.03.05-13.42.59:149][815]LogAudioMixer: Display: 	Max Channels (voices):				  32
[2020.03.05-13.42.59:149][815]LogAudioMixer: Display: 	Number of Async Source Workers:		  0
[2020.03.05-13.42.59:149][815]LogAudio: Display: AudioDevice MaxSources: 32
[2020.03.05-13.42.59:149][815]LogAudio: Display: Using built-in audio occlusion.
[2020.03.05-13.42.59:149][815]LogAudioMixer: Display: Initializing audio mixer.
[2020.03.05-13.42.59:155][815]LogAudioMixer: Display: Audio Device Output Speaker Info:
[2020.03.05-13.42.59:155][815]LogAudioMixer: Display: Name: Realtek Digital Output (Realtek High Definition Audio)
[2020.03.05-13.42.59:155][815]LogAudioMixer: Display: Is Default: Yes
[2020.03.05-13.42.59:155][815]LogAudioMixer: Display: Sample Rate: 48000
[2020.03.05-13.42.59:155][815]LogAudioMixer: Display: Channel Count Used: 2
[2020.03.05-13.42.59:155][815]LogAudioMixer: Display: Device Channel Count: 2
[2020.03.05-13.42.59:155][815]LogAudioMixer: Display: Channel Order:
[2020.03.05-13.42.59:155][815]LogAudioMixer: Display: 0: FrontLeft
[2020.03.05-13.42.59:155][815]LogAudioMixer: Display: 1: FrontRight
[2020.03.05-13.42.59:166][815]LogAudioMixer: Display: Using Audio Device Realtek Digital Output (Realtek High Definition Audio)
[2020.03.05-13.42.59:167][815]LogInit: FAudioDevice initialized.
[2020.03.05-13.42.59:216][815]LogSlate: Updating window title bar state: overlay mode, drag disabled, window buttons hidden, title bar hidden
[2020.03.05-13.42.59:228][815]LogLoad: Game class is 'ThirdPersonGameMode_C'
[2020.03.05-13.42.59:240][815]LogWorld: Bringing World /Game/ThirdPersonBP/Maps/UEDPIE_0_JockesLevel.JockesLevel up for play (max tick rate 0) at 2020.03.05-14.42.59
[2020.03.05-13.42.59:242][815]LogWorld: Bringing up level for play took: 0.011487
[2020.03.05-13.42.59:242][815]LogOnline: OSS: Creating online subsystem instance for: :Context_3
[2020.03.05-13.42.59:245][815]LogContentBrowser: Native class hierarchy updated for 'MovieSceneCapture' in 0.0003 seconds. Added 20 classes and 0 folders.
[2020.03.05-13.42.59:254][815]PIE: Play in editor start time for /Game/ThirdPersonBP/Maps/UEDPIE_0_JockesLevel -0,548
[2020.03.05-13.42.59:254][815]LogBlueprintUserMessages: Late PlayInEditor Detection: Level '/Game/ThirdPersonBP/Maps/JockesLevel.JockesLevel:PersistentLevel' has LevelScriptBlueprint '/Game/ThirdPersonBP/Maps/JockesLevel.JockesLevel:PersistentLevel.JockesLevel' with GeneratedClass '/Game/ThirdPersonBP/Maps/JockesLevel.JockesLevel_C' with ClassGeneratedBy '/Game/ThirdPersonBP/Maps/JockesLevel.JockesLevel:PersistentLevel.JockesLevel'
[2020.03.05-13.42.59:319][816]LogRenderer: Reallocating scene render targets to support 1280x720 Format 10 NumSamples 1 (Frame:1).
[2020.03.05-13.43.04:072][384]LogAudioMixer: Display: No commands were queued while flushing the source manager.
[2020.03.05-13.43.04:072][384]LogAudioMixer: Display: No commands were queued while flushing the source manager.
[2020.03.05-13.43.04:072][384]LogBlueprintUserMessages: Early EndPlayMap Detection: Level '/Game/ThirdPersonBP/Maps/JockesLevel.JockesLevel:PersistentLevel' has LevelScriptBlueprint '/Game/ThirdPersonBP/Maps/JockesLevel.JockesLevel:PersistentLevel.JockesLevel' with GeneratedClass '/Game/ThirdPersonBP/Maps/JockesLevel.JockesLevel_C' with ClassGeneratedBy '/Game/ThirdPersonBP/Maps/JockesLevel.JockesLevel:PersistentLevel.JockesLevel'
[2020.03.05-13.43.04:072][384]LogSlate: Updating window title bar state: overlay mode, drag disabled, window buttons hidden, title bar hidden
[2020.03.05-13.43.04:073][384]LogWorld: BeginTearingDown for /Game/ThirdPersonBP/Maps/UEDPIE_0_JockesLevel
[2020.03.05-13.43.04:088][384]LogSlate: Window 'Shadow_ProjectZero Game Preview Standalone (64-bit/PCD3D_SM5)' being destroyed
[2020.03.05-13.43.04:091][384]LogAudioMixer: Display: No commands were queued while flushing the source manager.
[2020.03.05-13.43.04:091][384]LogWorld: UWorld::CleanupWorld for JockesLevel, bSessionEnded=true, bCleanupResources=true
[2020.03.05-13.43.04:093][384]LogSlate: InvalidateAllWidgets triggered.  All widgets were invalidated
[2020.03.05-13.43.04:097][384]LogPlayLevel: Display: Shutting down PIE online subsystems
[2020.03.05-13.43.04:097][384]LogBlueprintUserMessages: Late EndPlayMap Detection: Level '/Game/ThirdPersonBP/Maps/JockesLevel.JockesLevel:PersistentLevel' has LevelScriptBlueprint '/Game/ThirdPersonBP/Maps/JockesLevel.JockesLevel:PersistentLevel.JockesLevel' with GeneratedClass '/Game/ThirdPersonBP/Maps/JockesLevel.JockesLevel_C' with ClassGeneratedBy '/Game/ThirdPersonBP/Maps/JockesLevel.JockesLevel:PersistentLevel.JockesLevel'
[2020.03.05-13.43.04:100][384]LogSlate: InvalidateAllWidgets triggered.  All widgets were invalidated
[2020.03.05-13.43.04:123][384]LogAudioMixer: Display: No commands were queued while flushing the source manager.
[2020.03.05-13.43.04:130][384]LogUObjectHash: Compacting FUObjectHashTables data took   1.71ms
[2020.03.05-13.43.04:171][387]LogPlayLevel: Display: Destroying online subsystem :Context_3
[2020.03.05-13.43.22:770][609]LogEditorViewport: Clicking on Actor (LMB): Crane_C (Crane)
[2020.03.05-13.43.27:900][204]LogTemp: Repeating last play command: New Editor Window (PIE)
[2020.03.05-13.43.27:915][204]LogBlueprintUserMessages: Early PlayInEditor Detection: Level '/Game/ThirdPersonBP/Maps/JockesLevel.JockesLevel:PersistentLevel' has LevelScriptBlueprint '/Game/ThirdPersonBP/Maps/JockesLevel.JockesLevel:PersistentLevel.JockesLevel' with GeneratedClass '/Game/ThirdPersonBP/Maps/JockesLevel.JockesLevel_C' with ClassGeneratedBy '/Game/ThirdPersonBP/Maps/JockesLevel.JockesLevel:PersistentLevel.JockesLevel'
[2020.03.05-13.43.27:915][204]LogPlayLevel: PlayLevel: No blueprints needed recompiling
[2020.03.05-13.43.27:915][204]PIE: New page: PIE session: JockesLevel (5 Mar 2020, 15:43:27)
[2020.03.05-13.43.27:916][204]LogPlayLevel: Creating play world package: /Game/ThirdPersonBP/Maps/UEDPIE_0_JockesLevel
[2020.03.05-13.43.27:941][204]LogPlayLevel: PIE: StaticDuplicateObject took: (0.025005s)
[2020.03.05-13.43.27:942][204]LogAIModule: Creating AISystem for world JockesLevel
[2020.03.05-13.43.27:942][204]LogPlayLevel: PIE: World Init took: (0.001368s)
[2020.03.05-13.43.27:942][204]LogPlayLevel: PIE: Created PIE world by copying editor world from /Game/ThirdPersonBP/Maps/JockesLevel.JockesLevel to /Game/ThirdPersonBP/Maps/UEDPIE_0_JockesLevel.JockesLevel (0.026571s)
[2020.03.05-13.43.27:966][204]LogUObjectHash: Compacting FUObjectHashTables data took   1.27ms
[2020.03.05-13.43.27:969][204]LogAudioMixer: Display: Audio Mixer Platform Settings:
[2020.03.05-13.43.27:969][204]LogAudioMixer: Display: 	Sample Rate:						  48000
[2020.03.05-13.43.27:969][204]LogAudioMixer: Display: 	Callback Buffer Frame Size Requested: 1024
[2020.03.05-13.43.27:969][204]LogAudioMixer: Display: 	Callback Buffer Frame Size To Use:	  1024
[2020.03.05-13.43.27:969][204]LogAudioMixer: Display: 	Number of buffers to queue:			  2
[2020.03.05-13.43.27:969][204]LogAudioMixer: Display: 	Max Channels (voices):				  32
[2020.03.05-13.43.27:969][204]LogAudioMixer: Display: 	Number of Async Source Workers:		  0
[2020.03.05-13.43.27:969][204]LogAudio: Display: AudioDevice MaxSources: 32
[2020.03.05-13.43.27:969][204]LogAudio: Display: Using built-in audio occlusion.
[2020.03.05-13.43.27:969][204]LogAudioMixer: Display: Initializing audio mixer.
[2020.03.05-13.43.27:974][204]LogAudioMixer: Display: Audio Device Output Speaker Info:
[2020.03.05-13.43.27:974][204]LogAudioMixer: Display: Name: Realtek Digital Output (Realtek High Definition Audio)
[2020.03.05-13.43.27:974][204]LogAudioMixer: Display: Is Default: Yes
[2020.03.05-13.43.27:974][204]LogAudioMixer: Display: Sample Rate: 48000
[2020.03.05-13.43.27:975][204]LogAudioMixer: Display: Channel Count Used: 2
[2020.03.05-13.43.27:975][204]LogAudioMixer: Display: Device Channel Count: 2
[2020.03.05-13.43.27:975][204]LogAudioMixer: Display: Channel Order:
[2020.03.05-13.43.27:975][204]LogAudioMixer: Display: 0: FrontLeft
[2020.03.05-13.43.27:975][204]LogAudioMixer: Display: 1: FrontRight
[2020.03.05-13.43.27:985][204]LogAudioMixer: Display: Using Audio Device Realtek Digital Output (Realtek High Definition Audio)
[2020.03.05-13.43.27:987][204]LogInit: FAudioDevice initialized.
[2020.03.05-13.43.28:050][204]LogSlate: Updating window title bar state: overlay mode, drag disabled, window buttons hidden, title bar hidden
[2020.03.05-13.43.28:051][204]LogLoad: Game class is 'ThirdPersonGameMode_C'
[2020.03.05-13.43.28:068][204]LogWorld: Bringing World /Game/ThirdPersonBP/Maps/UEDPIE_0_JockesLevel.JockesLevel up for play (max tick rate 0) at 2020.03.05-14.43.28
[2020.03.05-13.43.28:069][204]LogWorld: Bringing up level for play took: 0.015599
[2020.03.05-13.43.28:069][204]LogOnline: OSS: Creating online subsystem instance for: :Context_4
[2020.03.05-13.43.28:079][204]PIE: Play in editor start time for /Game/ThirdPersonBP/Maps/UEDPIE_0_JockesLevel 0,277
[2020.03.05-13.43.28:079][204]LogBlueprintUserMessages: Late PlayInEditor Detection: Level '/Game/ThirdPersonBP/Maps/JockesLevel.JockesLevel:PersistentLevel' has LevelScriptBlueprint '/Game/ThirdPersonBP/Maps/JockesLevel.JockesLevel:PersistentLevel.JockesLevel' with GeneratedClass '/Game/ThirdPersonBP/Maps/JockesLevel.JockesLevel_C' with ClassGeneratedBy '/Game/ThirdPersonBP/Maps/JockesLevel.JockesLevel:PersistentLevel.JockesLevel'
[2020.03.05-13.43.34:800][  2]LogAudioMixer: Display: No commands were queued while flushing the source manager.
[2020.03.05-13.43.34:810][  2]LogAudioMixer: Display: Flush succeeded in the source manager command queue (1).
[2020.03.05-13.43.34:829][  2]LogAudioMixer: Display: Flush succeeded the source manager command queue (2).
[2020.03.05-13.43.34:829][  2]LogBlueprintUserMessages: Early EndPlayMap Detection: Level '/Game/ThirdPersonBP/Maps/JockesLevel.JockesLevel:PersistentLevel' has LevelScriptBlueprint '/Game/ThirdPersonBP/Maps/JockesLevel.JockesLevel:PersistentLevel.JockesLevel' with GeneratedClass '/Game/ThirdPersonBP/Maps/JockesLevel.JockesLevel_C' with ClassGeneratedBy '/Game/ThirdPersonBP/Maps/JockesLevel.JockesLevel:PersistentLevel.JockesLevel'
[2020.03.05-13.43.34:830][  2]LogSlate: Updating window title bar state: overlay mode, drag disabled, window buttons hidden, title bar hidden
[2020.03.05-13.43.34:830][  2]LogWorld: BeginTearingDown for /Game/ThirdPersonBP/Maps/UEDPIE_0_JockesLevel
[2020.03.05-13.43.34:864][  2]LogSlate: Window 'Shadow_ProjectZero Game Preview Standalone (64-bit/PCD3D_SM5)' being destroyed
[2020.03.05-13.43.34:870][  2]LogAudioMixer: Display: No commands were queued while flushing the source manager.
[2020.03.05-13.43.34:870][  2]LogWorld: UWorld::CleanupWorld for JockesLevel, bSessionEnded=true, bCleanupResources=true
[2020.03.05-13.43.34:872][  2]LogSlate: InvalidateAllWidgets triggered.  All widgets were invalidated
[2020.03.05-13.43.34:881][  2]LogPlayLevel: Display: Shutting down PIE online subsystems
[2020.03.05-13.43.34:881][  2]LogBlueprintUserMessages: Late EndPlayMap Detection: Level '/Game/ThirdPersonBP/Maps/JockesLevel.JockesLevel:PersistentLevel' has LevelScriptBlueprint '/Game/ThirdPersonBP/Maps/JockesLevel.JockesLevel:PersistentLevel.JockesLevel' with GeneratedClass '/Game/ThirdPersonBP/Maps/JockesLevel.JockesLevel_C' with ClassGeneratedBy '/Game/ThirdPersonBP/Maps/JockesLevel.JockesLevel:PersistentLevel.JockesLevel'
[2020.03.05-13.43.34:884][  2]LogSlate: InvalidateAllWidgets triggered.  All widgets were invalidated
[2020.03.05-13.43.34:906][  2]LogAudioMixer: Display: No commands were queued while flushing the source manager.
[2020.03.05-13.43.34:913][  2]LogUObjectHash: Compacting FUObjectHashTables data took   1.33ms
[2020.03.05-13.43.34:927][  3]LogPlayLevel: Display: Destroying online subsystem :Context_4
[2020.03.05-13.43.42:259][808]MapCheck: New page: Map Check
[2020.03.05-13.43.42:270][808]LightingResults: New page: Lighting Build - 5 Mar 2020, 15:43:42
[2020.03.05-13.43.42:305][808]LogSwarmInterface: [OpenConnection] Registering TCP channel ...
[2020.03.05-13.43.42:365][808]LogSwarmInterface: [OpenConnection] Connecting to agent ...
[2020.03.05-13.43.42:374][808]LogSwarmInterface: [TryOpenConnection] Testing the Agent
[2020.03.05-13.43.42:880][808]LogSwarmInterface: [TryOpenConnection] Opening Connection to Agent
[2020.03.05-13.43.42:880][808]LogSwarmInterface: [TryOpenConnection] Local Process ID is 9848
[2020.03.05-13.43.49:256][808]LogStaticLightingSystem: Running Lightmass w/ ImmediateImport mode ENABLED
[2020.03.05-13.43.49:256][808]LogStaticLightingSystem: Running Lightmass w/ ImmediateProcess mode ENABLED
[2020.03.05-13.43.49:256][808]LogStaticLightingSystem: Running Lightmass w/ Sorting mode ENABLED
[2020.03.05-13.43.49:256][808]LogStaticLightingSystem: Running Lightmass w/ Mapping paddings ENABLED
[2020.03.05-13.43.49:256][808]LogStaticLightingSystem: Running Lightmass w/ Mapping debug paddings DISABLED
[2020.03.05-13.43.49:372][808]LogEditorBuildUtils: Build time 0:07
[2020.03.05-13.43.49:439][809]LogMaterial: Display: Missing cached shader map for material FLightmassMaterialRenderer MI_Fence_01a, compiling. 
[2020.03.05-13.43.49:452][809]LogShaderCompilers: Display: Worker (1/3): shaders left to compile 2
[2020.03.05-13.43.49:452][809]LogMaterial: Display: Missing cached shader map for material FLightmassMaterialRenderer MI_Fence_01a, compiling. 
[2020.03.05-13.43.49:465][809]LogShaderCompilers: Display: Worker (2/3): shaders left to compile 2
[2020.03.05-13.43.49:465][809]LogMaterial: Display: Missing cached shader map for material FLightmassMaterialRenderer MI_Fence_01a, compiling. 
[2020.03.05-13.43.50:372][810]LogShaderCompilers: Display: Worker (2/3): shaders left to compile 2
[2020.03.05-13.43.50:526][815]LogUObjectHash: Compacting FUObjectHashTables data took   1.56ms
[2020.03.05-13.44.15:233][ 33]Job is a success!
[2020.03.05-13.44.15:461][ 34]LogVolumetricLightmapImport: Imported Volumetric Lightmap in 0.033s
[2020.03.05-13.44.15:461][ 34]LogVolumetricLightmapImport:      Indirection Texture 64x16x16 = 0.1Mb
[2020.03.05-13.44.15:461][ 34]LogVolumetricLightmapImport:      BrickData (all levels) 0.0Mb
[2020.03.05-13.44.15:461][ 34]LogVolumetricLightmapImport:      Bricks at depth
[2020.03.05-13.44.15:461][ 34]LogVolumetricLightmapImport:          0: 100.0% covering 100.0% of volume
[2020.03.05-13.44.15:461][ 34]LogVolumetricLightmapImport:          1: 0.0% covering 0.0% of volume
[2020.03.05-13.44.15:461][ 34]LogVolumetricLightmapImport:          2: 0.0% covering 0.0% of volume
[2020.03.05-13.44.15:461][ 34]LogVolumetricLightmapImport:      Bricks in each level
[2020.03.05-13.44.15:461][ 34]LogVolumetricLightmapImport:          JockesLevel 			 4 bricks 	 100.0% (Persistent Level)
[2020.03.05-13.44.15:875][ 34]LogTexture: Display: Building textures: HQ_Lightmap1_1 (AutoDXT, 1024X1024)
[2020.03.05-13.44.15:875][ 34]LogTexture: Display: Building textures: HQ_Lightmap1_2 (AutoDXT, 128X128)
[2020.03.05-13.44.15:875][ 34]LogTexture: Display: Building textures: LQ_Lightmap_1_1 (DXT1, 1024X1024)
[2020.03.05-13.44.15:875][ 34]LogTexture: Display: Building textures: LQ_Lightmap_1_2 (DXT1, 128X128)
[2020.03.05-13.44.15:875][ 34]LogTexture: Display: Building textures: HQ_Lightmap1_3 (AutoDXT, 1024X1024)
[2020.03.05-13.44.15:875][ 34]LogTexture: Display: Building textures: LQ_Lightmap_1_3 (DXT1, 1024X1024)
[2020.03.05-13.44.15:875][ 34]LogTexture: Display: Building textures: HQ_Lightmap0_4 (AutoDXT, 1024X1024)
[2020.03.05-13.44.15:875][ 34]LogTexture: Display: Building textures: LQ_Lightmap_0_4 (DXT1, 1024X1024)
[2020.03.05-13.44.15:875][ 34]LogTexture: Display: Building textures: HQ_Lightmap0_5 (AutoDXT, 64X64)
[2020.03.05-13.44.15:875][ 34]LogTexture: Display: Building textures: LQ_Lightmap_0_5 (DXT1, 64X64)
[2020.03.05-13.44.15:932][ 34]LogTexture: Display: Building textures: ShadowMapTexture2D_0 (G8, 256X64)
[2020.03.05-13.44.15:932][ 34]Lightmass on FGWH18065: 24.8 sec total, 362 ms importing, 113 ms setup, 4.23 sec photons, 20.0 sec processing, 0 ms extra exporting [301/301 mappings]. Threads: 1:40 min total, 1:16 min processing.
[2020.03.05-13.44.15:932][ 34]LogStaticLightingSystem: JockesLevel_BuiltData storing lightmap data for 301 meshes in 7 LightmapResourceClusters (43.0 Meshes per cluster).
[2020.03.05-13.44.15:962][ 34]LogUObjectHash: Compacting FUObjectHashTables data took   1.50ms
[2020.03.05-13.44.15:975][ 34]LogStaticLightingSystem: Illumination: 33.6 sec (363 ms encoding lightmaps, 3 ms encoding shadowmaps)
[2020.03.05-13.44.15:975][ 34]LogStaticLightingSystem: Lightmap texture memory:  6.0 MB (6.0 MB streaming, 0.0 MB non-streaming), 10 textures
[2020.03.05-13.44.15:975][ 34]LogStaticLightingSystem: Shadowmap texture memory: 0.0 MB (0.0 MB streaming, 0.0 MB non-streaming), 1 textures
[2020.03.05-13.44.16:274][ 34]DumpUnbuiltLightIteractions
[2020.03.05-13.44.16:274][ 34]Lights with unbuilt interactions: 0
[2020.03.05-13.44.16:274][ 34]
[2020.03.05-13.44.16:274][ 34]Primitives with unbuilt interactions: 0
[2020.03.05-13.44.16:390][ 35]Cmd: MAP CHECK NOTIFYRESULTS
[2020.03.05-13.44.16:390][ 35]MapCheck: New page: JockesLevel - 5 Mar 2020, 15:44:16
[2020.03.05-13.44.16:392][ 35]MapCheck: Map check complete: 0 Error(s), 0 Warning(s), took 1,972ms to complete.
[2020.03.05-13.44.30:899][710]LogAssetEditorSubsystem: Opening Asset editor for WidgetBlueprint /Game/ThirdPersonBP/Blueprints/HealthBar.HealthBar
[2020.03.05-13.44.31:090][710]LogContentBrowser: Native class hierarchy updated for 'BlueprintGraph' in 0.0004 seconds. Added 121 classes and 0 folders.
[2020.03.05-13.44.32:066][710]LogSlate: Took 0.000158 seconds to synchronously load lazily loaded font '../../../Engine/Content/Slate/Fonts/Roboto-BoldCondensed.ttf' (158K)
[2020.03.05-13.45.07:372][396]BlueprintLog: New page: Compile HealthBar
[2020.03.05-13.45.07:436][396]LogUObjectHash: Compacting FUObjectHashTables data took   4.20ms
[2020.03.05-13.45.07:511][396]LogSavePackage: Moving '../../../../../../Users/Joakim.Johansson/Documents/Unreal Projects/Shadow_ProjectZero/Saved/HealthBar43682F2042808CC39563C9801BD3E3EE.tmp' to '../../../../../../Users/Joakim.Johansson/Documents/Unreal Projects/Shadow_ProjectZero/Content/ThirdPersonBP/Blueprints/HealthBar.uasset'
[2020.03.05-13.45.07:527][396]AssetCheck: New page: Asset Save: HealthBar
[2020.03.05-13.45.07:527][396]LogContentValidation: Display: Validating WidgetBlueprint /Game/ThirdPersonBP/Blueprints/HealthBar.HealthBar
[2020.03.05-13.45.08:354][477]LogSavePackage: Moving '../../../../../../Users/Joakim.Johansson/Documents/Unreal Projects/Shadow_ProjectZero/Saved/HealthBarE233DC954F04C2BAC3CB36BD280DF693.tmp' to '../../../../../../Users/Joakim.Johansson/Documents/Unreal Projects/Shadow_ProjectZero/Content/ThirdPersonBP/Blueprints/HealthBar.uasset'
[2020.03.05-13.45.08:365][477]AssetCheck: New page: Asset Save: HealthBar
[2020.03.05-13.45.08:365][477]LogContentValidation: Display: Validating WidgetBlueprint /Game/ThirdPersonBP/Blueprints/HealthBar.HealthBar
[2020.03.05-13.45.36:775][720]LogSlate: Window 'HealthBar' being destroyed
[2020.03.05-13.45.44:707][639]LogTemp: Repeating last play command: New Editor Window (PIE)
[2020.03.05-13.45.44:725][639]LogBlueprintUserMessages: Early PlayInEditor Detection: Level '/Game/ThirdPersonBP/Maps/JockesLevel.JockesLevel:PersistentLevel' has LevelScriptBlueprint '/Game/ThirdPersonBP/Maps/JockesLevel.JockesLevel:PersistentLevel.JockesLevel' with GeneratedClass '/Game/ThirdPersonBP/Maps/JockesLevel.JockesLevel_C' with ClassGeneratedBy '/Game/ThirdPersonBP/Maps/JockesLevel.JockesLevel:PersistentLevel.JockesLevel'
[2020.03.05-13.45.44:725][639]LogPlayLevel: PlayLevel: No blueprints needed recompiling
[2020.03.05-13.45.44:725][639]PIE: New page: PIE session: JockesLevel (5 Mar 2020, 15:45:44)
[2020.03.05-13.45.44:725][639]LogPlayLevel: Creating play world package: /Game/ThirdPersonBP/Maps/UEDPIE_0_JockesLevel
[2020.03.05-13.45.44:749][639]LogPlayLevel: PIE: StaticDuplicateObject took: (0.023829s)
[2020.03.05-13.45.44:750][639]LogAIModule: Creating AISystem for world JockesLevel
[2020.03.05-13.45.44:750][639]LogPlayLevel: PIE: World Init took: (0.000960s)
[2020.03.05-13.45.44:750][639]LogPlayLevel: PIE: Created PIE world by copying editor world from /Game/ThirdPersonBP/Maps/JockesLevel.JockesLevel to /Game/ThirdPersonBP/Maps/UEDPIE_0_JockesLevel.JockesLevel (0.025017s)
[2020.03.05-13.45.44:784][639]LogUObjectHash: Compacting FUObjectHashTables data took   3.68ms
[2020.03.05-13.45.44:787][639]LogAudioMixer: Display: Audio Mixer Platform Settings:
[2020.03.05-13.45.44:787][639]LogAudioMixer: Display: 	Sample Rate:						  48000
[2020.03.05-13.45.44:787][639]LogAudioMixer: Display: 	Callback Buffer Frame Size Requested: 1024
[2020.03.05-13.45.44:787][639]LogAudioMixer: Display: 	Callback Buffer Frame Size To Use:	  1024
[2020.03.05-13.45.44:787][639]LogAudioMixer: Display: 	Number of buffers to queue:			  2
[2020.03.05-13.45.44:787][639]LogAudioMixer: Display: 	Max Channels (voices):				  32
[2020.03.05-13.45.44:787][639]LogAudioMixer: Display: 	Number of Async Source Workers:		  0
[2020.03.05-13.45.44:787][639]LogAudio: Display: AudioDevice MaxSources: 32
[2020.03.05-13.45.44:788][639]LogAudio: Display: Using built-in audio occlusion.
[2020.03.05-13.45.44:788][639]LogAudioMixer: Display: Initializing audio mixer.
[2020.03.05-13.45.44:794][639]LogAudioMixer: Display: Audio Device Output Speaker Info:
[2020.03.05-13.45.44:794][639]LogAudioMixer: Display: Name: Realtek Digital Output (Realtek High Definition Audio)
[2020.03.05-13.45.44:794][639]LogAudioMixer: Display: Is Default: Yes
[2020.03.05-13.45.44:794][639]LogAudioMixer: Display: Sample Rate: 48000
[2020.03.05-13.45.44:794][639]LogAudioMixer: Display: Channel Count Used: 2
[2020.03.05-13.45.44:794][639]LogAudioMixer: Display: Device Channel Count: 2
[2020.03.05-13.45.44:794][639]LogAudioMixer: Display: Channel Order:
[2020.03.05-13.45.44:794][639]LogAudioMixer: Display: 0: FrontLeft
[2020.03.05-13.45.44:794][639]LogAudioMixer: Display: 1: FrontRight
[2020.03.05-13.45.44:805][639]LogAudioMixer: Display: Using Audio Device Realtek Digital Output (Realtek High Definition Audio)
[2020.03.05-13.45.44:807][639]LogInit: FAudioDevice initialized.
[2020.03.05-13.45.44:831][639]LogSlate: Updating window title bar state: overlay mode, drag disabled, window buttons hidden, title bar hidden
[2020.03.05-13.45.44:832][639]LogLoad: Game class is 'ThirdPersonGameMode_C'
[2020.03.05-13.45.44:840][639]LogWorld: Bringing World /Game/ThirdPersonBP/Maps/UEDPIE_0_JockesLevel.JockesLevel up for play (max tick rate 0) at 2020.03.05-14.45.44
[2020.03.05-13.45.44:841][639]LogWorld: Bringing up level for play took: 0.009185
[2020.03.05-13.45.44:842][639]LogOnline: OSS: Creating online subsystem instance for: :Context_8
[2020.03.05-13.45.44:851][639]PIE: Play in editor start time for /Game/ThirdPersonBP/Maps/UEDPIE_0_JockesLevel 1,05
[2020.03.05-13.45.44:852][639]LogBlueprintUserMessages: Late PlayInEditor Detection: Level '/Game/ThirdPersonBP/Maps/JockesLevel.JockesLevel:PersistentLevel' has LevelScriptBlueprint '/Game/ThirdPersonBP/Maps/JockesLevel.JockesLevel:PersistentLevel.JockesLevel' with GeneratedClass '/Game/ThirdPersonBP/Maps/JockesLevel.JockesLevel_C' with ClassGeneratedBy '/Game/ThirdPersonBP/Maps/JockesLevel.JockesLevel:PersistentLevel.JockesLevel'
[2020.03.05-13.45.59:345][371]LogAudioMixer: Display: No commands were queued while flushing the source manager.
[2020.03.05-13.45.59:349][371]LogAudioMixer: Display: Flush succeeded in the source manager command queue (1).
[2020.03.05-13.45.59:379][371]LogAudioMixer: Display: Flush succeeded the source manager command queue (2).
[2020.03.05-13.45.59:380][371]LogBlueprintUserMessages: Early EndPlayMap Detection: Level '/Game/ThirdPersonBP/Maps/JockesLevel.JockesLevel:PersistentLevel' has LevelScriptBlueprint '/Game/ThirdPersonBP/Maps/JockesLevel.JockesLevel:PersistentLevel.JockesLevel' with GeneratedClass '/Game/ThirdPersonBP/Maps/JockesLevel.JockesLevel_C' with ClassGeneratedBy '/Game/ThirdPersonBP/Maps/JockesLevel.JockesLevel:PersistentLevel.JockesLevel'
[2020.03.05-13.45.59:380][371]LogSlate: Updating window title bar state: overlay mode, drag disabled, window buttons hidden, title bar hidden
[2020.03.05-13.45.59:381][371]LogWorld: BeginTearingDown for /Game/ThirdPersonBP/Maps/UEDPIE_0_JockesLevel
[2020.03.05-13.45.59:416][371]LogSlate: Window 'Shadow_ProjectZero Game Preview Standalone (64-bit/PCD3D_SM5)' being destroyed
[2020.03.05-13.45.59:420][371]LogAudioMixer: Display: No commands were queued while flushing the source manager.
[2020.03.05-13.45.59:420][371]LogWorld: UWorld::CleanupWorld for JockesLevel, bSessionEnded=true, bCleanupResources=true
[2020.03.05-13.45.59:422][371]LogSlate: InvalidateAllWidgets triggered.  All widgets were invalidated
[2020.03.05-13.45.59:430][371]LogPlayLevel: Display: Shutting down PIE online subsystems
[2020.03.05-13.45.59:430][371]LogBlueprintUserMessages: Late EndPlayMap Detection: Level '/Game/ThirdPersonBP/Maps/JockesLevel.JockesLevel:PersistentLevel' has LevelScriptBlueprint '/Game/ThirdPersonBP/Maps/JockesLevel.JockesLevel:PersistentLevel.JockesLevel' with GeneratedClass '/Game/ThirdPersonBP/Maps/JockesLevel.JockesLevel_C' with ClassGeneratedBy '/Game/ThirdPersonBP/Maps/JockesLevel.JockesLevel:PersistentLevel.JockesLevel'
[2020.03.05-13.45.59:435][371]LogSlate: InvalidateAllWidgets triggered.  All widgets were invalidated
[2020.03.05-13.45.59:465][371]LogAudioMixer: Display: No commands were queued while flushing the source manager.
[2020.03.05-13.45.59:472][371]LogUObjectHash: Compacting FUObjectHashTables data took   2.73ms
[2020.03.05-13.45.59:490][372]LogPlayLevel: Display: Destroying online subsystem :Context_8
[2020.03.05-13.46.04:471][958]LogEditorViewport: Clicking on Actor (LMB): Crane_C (Crane)
[2020.03.05-13.46.06:290][161]LogAssetEditorSubsystem: Opening Asset editor for Blueprint /Game/PuzzleComponents/Crane.Crane
[2020.03.05-13.46.06:636][162]LogSlate: Took 0.000151 seconds to synchronously load lazily loaded font '../../../Engine/Content/Slate/Fonts/Roboto-Italic.ttf' (157K)
[2020.03.05-13.48.20:804][243]LogTemp: Repeating last play command: New Editor Window (PIE)
[2020.03.05-13.48.20:825][243]LogBlueprintUserMessages: Early PlayInEditor Detection: Level '/Game/ThirdPersonBP/Maps/JockesLevel.JockesLevel:PersistentLevel' has LevelScriptBlueprint '/Game/ThirdPersonBP/Maps/JockesLevel.JockesLevel:PersistentLevel.JockesLevel' with GeneratedClass '/Game/ThirdPersonBP/Maps/JockesLevel.JockesLevel_C' with ClassGeneratedBy '/Game/ThirdPersonBP/Maps/JockesLevel.JockesLevel:PersistentLevel.JockesLevel'
[2020.03.05-13.48.20:825][243]LogPlayLevel: PlayLevel: No blueprints needed recompiling
[2020.03.05-13.48.20:825][243]PIE: New page: PIE session: JockesLevel (5 Mar 2020, 15:48:20)
[2020.03.05-13.48.20:825][243]LogPlayLevel: Creating play world package: /Game/ThirdPersonBP/Maps/UEDPIE_0_JockesLevel
[2020.03.05-13.48.20:850][243]LogPlayLevel: PIE: StaticDuplicateObject took: (0.025045s)
[2020.03.05-13.48.20:851][243]LogAIModule: Creating AISystem for world JockesLevel
[2020.03.05-13.48.20:851][243]LogPlayLevel: PIE: World Init took: (0.000997s)
[2020.03.05-13.48.20:851][243]LogPlayLevel: PIE: Created PIE world by copying editor world from /Game/ThirdPersonBP/Maps/JockesLevel.JockesLevel to /Game/ThirdPersonBP/Maps/UEDPIE_0_JockesLevel.JockesLevel (0.026223s)
[2020.03.05-13.48.20:888][243]LogUObjectHash: Compacting FUObjectHashTables data took   2.66ms
[2020.03.05-13.48.20:892][243]LogAudioMixer: Display: Audio Mixer Platform Settings:
[2020.03.05-13.48.20:892][243]LogAudioMixer: Display: 	Sample Rate:						  48000
[2020.03.05-13.48.20:892][243]LogAudioMixer: Display: 	Callback Buffer Frame Size Requested: 1024
[2020.03.05-13.48.20:892][243]LogAudioMixer: Display: 	Callback Buffer Frame Size To Use:	  1024
[2020.03.05-13.48.20:892][243]LogAudioMixer: Display: 	Number of buffers to queue:			  2
[2020.03.05-13.48.20:892][243]LogAudioMixer: Display: 	Max Channels (voices):				  32
[2020.03.05-13.48.20:892][243]LogAudioMixer: Display: 	Number of Async Source Workers:		  0
[2020.03.05-13.48.20:892][243]LogAudio: Display: AudioDevice MaxSources: 32
[2020.03.05-13.48.20:892][243]LogAudio: Display: Using built-in audio occlusion.
[2020.03.05-13.48.20:892][243]LogAudioMixer: Display: Initializing audio mixer.
[2020.03.05-13.48.20:898][243]LogAudioMixer: Display: Audio Device Output Speaker Info:
[2020.03.05-13.48.20:898][243]LogAudioMixer: Display: Name: Realtek Digital Output (Realtek High Definition Audio)
[2020.03.05-13.48.20:898][243]LogAudioMixer: Display: Is Default: Yes
[2020.03.05-13.48.20:898][243]LogAudioMixer: Display: Sample Rate: 48000
[2020.03.05-13.48.20:898][243]LogAudioMixer: Display: Channel Count Used: 2
[2020.03.05-13.48.20:898][243]LogAudioMixer: Display: Device Channel Count: 2
[2020.03.05-13.48.20:898][243]LogAudioMixer: Display: Channel Order:
[2020.03.05-13.48.20:898][243]LogAudioMixer: Display: 0: FrontLeft
[2020.03.05-13.48.20:898][243]LogAudioMixer: Display: 1: FrontRight
[2020.03.05-13.48.20:909][243]LogAudioMixer: Display: Using Audio Device Realtek Digital Output (Realtek High Definition Audio)
[2020.03.05-13.48.20:910][243]LogInit: FAudioDevice initialized.
[2020.03.05-13.48.20:975][243]LogSlate: Updating window title bar state: overlay mode, drag disabled, window buttons hidden, title bar hidden
[2020.03.05-13.48.20:976][243]LogLoad: Game class is 'ThirdPersonGameMode_C'
[2020.03.05-13.48.20:998][243]LogWorld: Bringing World /Game/ThirdPersonBP/Maps/UEDPIE_0_JockesLevel.JockesLevel up for play (max tick rate 0) at 2020.03.05-14.48.20
[2020.03.05-13.48.20:999][243]LogWorld: Bringing up level for play took: 0.020060
[2020.03.05-13.48.20:999][243]LogOnline: OSS: Creating online subsystem instance for: :Context_10
[2020.03.05-13.48.21:000][243]LogGameMode: FindPlayerStart: PATHS NOT DEFINED or NO PLAYERSTART with positive rating
[2020.03.05-13.48.21:008][243]PIE: Play in editor start time for /Game/ThirdPersonBP/Maps/UEDPIE_0_JockesLevel -0,794
[2020.03.05-13.48.21:008][243]LogBlueprintUserMessages: Late PlayInEditor Detection: Level '/Game/ThirdPersonBP/Maps/JockesLevel.JockesLevel:PersistentLevel' has LevelScriptBlueprint '/Game/ThirdPersonBP/Maps/JockesLevel.JockesLevel:PersistentLevel.JockesLevel' with GeneratedClass '/Game/ThirdPersonBP/Maps/JockesLevel.JockesLevel_C' with ClassGeneratedBy '/Game/ThirdPersonBP/Maps/JockesLevel.JockesLevel:PersistentLevel.JockesLevel'
[2020.03.05-13.48.22:418][382]LogRenderer: Reallocating scene render targets to support 1920x1016 Format 10 NumSamples 1 (Frame:140).
[2020.03.05-13.49.16:548][870]LogBlueprintUserMessages: [BP_SwitchableLight_6] ThirdPersonCharacter_167.CollisionCylinder
[2020.03.05-13.49.21:774][497]LogBlueprintUserMessages: [ThirdPersonCharacter_167] NoClimbHello
[2020.03.05-13.49.21:774][497]LogBlueprintUserMessages: [ThirdPersonCharacter_167] Reset
[2020.03.05-13.49.28:316][282]LogBlueprintUserMessages: [BP_SwitchableLight_6] ThirdPersonCharacter_167.CollisionCylinder
[2020.03.05-13.49.29:683][446]LogBlueprintUserMessages: [BP_SwitchableLight_6] ThirdPersonCharacter_167.LightCollider
[2020.03.05-13.49.29:683][446]LogBlueprintUserMessages: [BP_SwitchableLight_6] light
[2020.03.05-13.49.29:799][460]LogBlueprintUserMessages: [BP_SwitchableLight_6] ThirdPersonCharacter_167.Blob Shape_Sphere
[2020.03.05-13.49.31:674][685]LogBlueprintUserMessages: [BP_SwitchableLight_6] light
[2020.03.05-13.49.32:766][816]LogBlueprintUserMessages: [BP_SwitchableLight_6] ThirdPersonCharacter_167.CollisionCylinder
[2020.03.05-13.49.32:958][839]LogBlueprintUserMessages: [BP_SwitchableLight_6] ThirdPersonCharacter_167.LightCollider
[2020.03.05-13.49.32:958][839]LogBlueprintUserMessages: [BP_SwitchableLight_6] light
[2020.03.05-13.49.33:024][847]LogBlueprintUserMessages: [BP_SwitchableLight_6] ThirdPersonCharacter_167.Blob Shape_Sphere
[2020.03.05-13.49.34:249][994]LogBlueprintUserMessages: [BP_SwitchableLight_6] light
[2020.03.05-13.49.34:400][ 12]LogBlueprintUserMessages: [BP_SwitchableLight_6] ThirdPersonCharacter_167.LightCollider
[2020.03.05-13.49.34:400][ 12]LogBlueprintUserMessages: [BP_SwitchableLight_6] light
[2020.03.05-13.49.34:466][ 20]LogBlueprintUserMessages: [BP_SwitchableLight_6] ThirdPersonCharacter_167.Blob Shape_Sphere
[2020.03.05-13.49.34:550][ 30]LogBlueprintUserMessages: [BP_SwitchableLight_6] light
[2020.03.05-13.49.34:699][ 48]LogBlueprintUserMessages: [BP_SwitchableLight_6] ThirdPersonCharacter_167.LightCollider
[2020.03.05-13.49.34:700][ 48]LogBlueprintUserMessages: [BP_SwitchableLight_6] light
[2020.03.05-13.49.34:774][ 57]LogBlueprintUserMessages: [BP_SwitchableLight_6] ThirdPersonCharacter_167.Blob Shape_Sphere
[2020.03.05-13.49.34:850][ 66]LogBlueprintUserMessages: [BP_SwitchableLight_6] light
[2020.03.05-13.49.35:000][ 84]LogBlueprintUserMessages: [BP_SwitchableLight_6] ThirdPersonCharacter_167.LightCollider
[2020.03.05-13.49.35:000][ 84]LogBlueprintUserMessages: [BP_SwitchableLight_6] light
[2020.03.05-13.49.35:090][ 95]LogBlueprintUserMessages: [BP_SwitchableLight_6] ThirdPersonCharacter_167.Blob Shape_Sphere
[2020.03.05-13.49.35:149][102]LogBlueprintUserMessages: [BP_SwitchableLight_6] light
[2020.03.05-13.49.36:625][279]LogBlueprintUserMessages: [BP_SwitchableLight_6] ThirdPersonCharacter_167.CollisionCylinder
[2020.03.05-13.49.36:849][306]LogBlueprintUserMessages: [BP_SwitchableLight_6] ThirdPersonCharacter_167.LightCollider
[2020.03.05-13.49.36:849][306]LogBlueprintUserMessages: [BP_SwitchableLight_6] light
[2020.03.05-13.49.36:950][318]LogBlueprintUserMessages: [BP_SwitchableLight_6] ThirdPersonCharacter_167.Blob Shape_Sphere
[2020.03.05-13.49.38:549][510]LogBlueprintUserMessages: [BP_SwitchableLight_6] light
[2020.03.05-13.49.38:583][514]LogBlueprintUserMessages: [BP_SwitchableLight_6] ThirdPersonCharacter_167.LightCollider
[2020.03.05-13.49.38:583][514]LogBlueprintUserMessages: [BP_SwitchableLight_6] light
[2020.03.05-13.49.38:625][519]LogBlueprintUserMessages: [BP_SwitchableLight_6] light
[2020.03.05-13.49.38:658][523]LogBlueprintUserMessages: [BP_SwitchableLight_6] ThirdPersonCharacter_167.LightCollider
[2020.03.05-13.49.38:658][523]LogBlueprintUserMessages: [BP_SwitchableLight_6] light
[2020.03.05-13.49.38:700][528]LogBlueprintUserMessages: [BP_SwitchableLight_6] light
[2020.03.05-13.49.38:733][532]LogBlueprintUserMessages: [BP_SwitchableLight_6] ThirdPersonCharacter_167.LightCollider
[2020.03.05-13.49.38:733][532]LogBlueprintUserMessages: [BP_SwitchableLight_6] light
[2020.03.05-13.49.38:767][536]LogBlueprintUserMessages: [BP_SwitchableLight_6] light
[2020.03.05-13.49.38:799][540]LogBlueprintUserMessages: [BP_SwitchableLight_6] ThirdPersonCharacter_167.LightCollider
[2020.03.05-13.49.38:799][540]LogBlueprintUserMessages: [BP_SwitchableLight_6] light
[2020.03.05-13.49.38:833][544]LogBlueprintUserMessages: [BP_SwitchableLight_6] light
[2020.03.05-13.49.39:833][664]LogBlueprintUserMessages: [BP_SwitchableLight_6] ThirdPersonCharacter_167.LightCollider
[2020.03.05-13.49.39:833][664]LogBlueprintUserMessages: [BP_SwitchableLight_6] light
[2020.03.05-13.49.40:091][695]LogBlueprintUserMessages: [BP_SwitchableLight_6] ThirdPersonCharacter_167.Blob Shape_Sphere
[2020.03.05-13.49.40:291][719]LogBlueprintUserMessages: [BP_SwitchableLight4] light
[2020.03.05-13.49.40:450][738]LogBlueprintUserMessages: [BP_SwitchableLight_6] light
[2020.03.05-13.49.41:383][850]LogBlueprintUserMessages: [BP_SwitchableLight4] light
[2020.03.05-13.49.41:924][915]LogBlueprintUserMessages: [BP_SwitchableLight8] light
[2020.03.05-13.49.42:650][  2]LogBlueprintUserMessages: [BP_SwitchableLight8] light
[2020.03.05-13.49.44:742][253]LogAudioMixer: Display: No commands were queued while flushing the source manager.
[2020.03.05-13.49.44:749][253]LogAudioMixer: Display: Flush succeeded in the source manager command queue (1).
[2020.03.05-13.49.44:779][253]LogAudioMixer: Display: Flush succeeded the source manager command queue (2).
[2020.03.05-13.49.44:779][253]LogBlueprintUserMessages: Early EndPlayMap Detection: Level '/Game/ThirdPersonBP/Maps/JockesLevel.JockesLevel:PersistentLevel' has LevelScriptBlueprint '/Game/ThirdPersonBP/Maps/JockesLevel.JockesLevel:PersistentLevel.JockesLevel' with GeneratedClass '/Game/ThirdPersonBP/Maps/JockesLevel.JockesLevel_C' with ClassGeneratedBy '/Game/ThirdPersonBP/Maps/JockesLevel.JockesLevel:PersistentLevel.JockesLevel'
[2020.03.05-13.49.44:780][253]LogSlate: Updating window title bar state: overlay mode, drag disabled, window buttons hidden, title bar hidden
[2020.03.05-13.49.44:780][253]LogWorld: BeginTearingDown for /Game/ThirdPersonBP/Maps/UEDPIE_0_JockesLevel
[2020.03.05-13.49.44:801][253]LogSlate: Window 'Shadow_ProjectZero Game Preview Standalone (64-bit/PCD3D_SM5)' being destroyed
[2020.03.05-13.49.44:806][253]LogAudioMixer: Display: No commands were queued while flushing the source manager.
[2020.03.05-13.49.44:806][253]LogWorld: UWorld::CleanupWorld for JockesLevel, bSessionEnded=true, bCleanupResources=true
[2020.03.05-13.49.44:808][253]LogSlate: InvalidateAllWidgets triggered.  All widgets were invalidated
[2020.03.05-13.49.44:817][253]LogPlayLevel: Display: Shutting down PIE online subsystems
[2020.03.05-13.49.44:817][253]LogBlueprintUserMessages: Late EndPlayMap Detection: Level '/Game/ThirdPersonBP/Maps/JockesLevel.JockesLevel:PersistentLevel' has LevelScriptBlueprint '/Game/ThirdPersonBP/Maps/JockesLevel.JockesLevel:PersistentLevel.JockesLevel' with GeneratedClass '/Game/ThirdPersonBP/Maps/JockesLevel.JockesLevel_C' with ClassGeneratedBy '/Game/ThirdPersonBP/Maps/JockesLevel.JockesLevel:PersistentLevel.JockesLevel'
[2020.03.05-13.49.44:823][253]LogSlate: InvalidateAllWidgets triggered.  All widgets were invalidated
[2020.03.05-13.49.44:856][253]LogAudioMixer: Display: No commands were queued while flushing the source manager.
[2020.03.05-13.49.44:864][253]LogUObjectHash: Compacting FUObjectHashTables data took   2.68ms
[2020.03.05-13.49.44:887][254]LogPlayLevel: Display: Destroying online subsystem :Context_10
